Change Component Designator: Old Designator=C4 New Designator=C5
Change Component Designator: Old Designator=C? New Designator=C4
Change Component Designator: Old Designator=CS2 New Designator=CS3
Change Component Designator: Old Designator=CS3 New Designator=CS4
Change Component Designator: Old Designator=CS4 New Designator=CS5
Change Component Designator: Old Designator=CS5 New Designator=CS6
Change Component Designator: Old Designator=CS6 New Designator=CS7
Change Component Designator: Old Designator=CS? New Designator=CS2
Change Component Designator: Old Designator=CS? New Designator=CS8
Change Component Designator: Old Designator=CS? New Designator=CS9
Change Component Designator: Old Designator=CS? New Designator=CS10
Change Component Designator: Old Designator=D? New Designator=D1
Change Component Designator: Old Designator=R1 New Designator=R4
Change Component Designator: Old Designator=R3 New Designator=R5
Change Component Designator: Old Designator=R4 New Designator=R6
Change Component Designator: Old Designator=R5 New Designator=R7
Change Component Designator: Old Designator=R6 New Designator=R9
Change Component Designator: Old Designator=R7 New Designator=R13
Change Component Designator: Old Designator=R8 New Designator=R16
Change Component Designator: Old Designator=R9 New Designator=R22
Change Component Designator: Old Designator=R10 New Designator=R8
Change Component Designator: Old Designator=R11 New Designator=R17
Change Component Designator: Old Designator=R12 New Designator=R18
Change Component Designator: Old Designator=R13 New Designator=R20
Change Component Designator: Old Designator=R14 New Designator=R21
Change Component Designator: Old Designator=R? New Designator=R3
Change Component Designator: Old Designator=R? New Designator=R10
Change Component Designator: Old Designator=R? New Designator=R11
Change Component Designator: Old Designator=R? New Designator=R12
Change Component Designator: Old Designator=R? New Designator=R14
Change Component Designator: Old Designator=R? New Designator=R15
Change Component Designator: Old Designator=R? New Designator=R19
Change Component Designator: Old Designator=U1 New Designator=U2
Change Component Designator: Old Designator=U2 New Designator=U3
