Added Component: Designator=C1(HDR1X3-HEADER)
Add component (AddParameter): Name = "LatestRevisionDate"; Value = "17-Jul-2002"; VariantName = "[No Variations]"
Add component (AddParameter): Name = "LatestRevisionNote"; Value = "Re-released for DXP Platform."; VariantName = "[No Variations]"
Add component (AddParameter): Name = "LCSC PART NUMBER"; Value = ""; VariantName = "[No Variations]"
Add component (AddParameter): Name = "MANUF_REF"; Value = ""; VariantName = "[No Variations]"
Add component (AddParameter): Name = "Manufacturer"; Value = "BOOMELE(Boom Precision Elec)"; VariantName = "[No Variations]"
Add component (AddParameter): Name = "Manufacturer 1"; Value = "Generic Header"; VariantName = "[No Variations]"
Add component (AddParameter): Name = "Mfr.Part"; Value = "C49257"; VariantName = "[No Variations]"
Add component (AddParameter): Name = "Note"; Value = "Approved sub OK"; VariantName = "[No Variations]"
Add component (AddParameter): Name = "Publisher"; Value = "Altium Limited"; VariantName = "[No Variations]"
Add component (AddParameter): Name = "Supplier"; Value = "LCSC"; VariantName = "[No Variations]"
Add component (AddParameter): Name = "Supplier 1"; Value = ""; VariantName = "[No Variations]"
Add component (AddParameter): Name = "Supplier Part Number 1"; Value = ""; VariantName = "[No Variations]"
Add component (AddParameter): Name = "Supplier.Part"; Value = "C49257"; VariantName = "[No Variations]"
Added Component: Designator=C2(HDR1X3-HEADER)
Add component (AddParameter): Name = "LatestRevisionDate"; Value = "17-Jul-2002"; VariantName = "[No Variations]"
Add component (AddParameter): Name = "LatestRevisionNote"; Value = "Re-released for DXP Platform."; VariantName = "[No Variations]"
Add component (AddParameter): Name = "LCSC PART NUMBER"; Value = ""; VariantName = "[No Variations]"
Add component (AddParameter): Name = "MANUF_REF"; Value = ""; VariantName = "[No Variations]"
Add component (AddParameter): Name = "Manufacturer"; Value = "BOOMELE(Boom Precision Elec)"; VariantName = "[No Variations]"
Add component (AddParameter): Name = "Manufacturer 1"; Value = "Generic Header"; VariantName = "[No Variations]"
Add component (AddParameter): Name = "Mfr.Part"; Value = "C49257"; VariantName = "[No Variations]"
Add component (AddParameter): Name = "Note"; Value = "Approved sub OK"; VariantName = "[No Variations]"
Add component (AddParameter): Name = "Publisher"; Value = "Altium Limited"; VariantName = "[No Variations]"
Add component (AddParameter): Name = "Supplier"; Value = "LCSC"; VariantName = "[No Variations]"
Add component (AddParameter): Name = "Supplier 1"; Value = ""; VariantName = "[No Variations]"
Add component (AddParameter): Name = "Supplier Part Number 1"; Value = ""; VariantName = "[No Variations]"
Add component (AddParameter): Name = "Supplier.Part"; Value = "C49257"; VariantName = "[No Variations]"
Added Component: Designator=C3(Cap 1608-0603)
Add component (AddParameter): Name = "LCSC PART NUMBER"; Value = "C138340"; VariantName = "[No Variations]"
Add component (AddParameter): Name = "MANUF_REF"; Value = "CT41G-0805-2X1-50V-0.1µF-M(N)"; VariantName = "[No Variations]"
Add component (AddParameter): Name = "Manufacturer"; Value = "TORCH"; VariantName = "[No Variations]"
Add component (AddParameter): Name = "Mfr"; Value = "TORCH"; VariantName = "[No Variations]"
Add component (AddParameter): Name = "Mfr.Part"; Value = "CT41G-0805-2X1-50V-0.1µF-M(N)"; VariantName = "[No Variations]"
Add component (AddParameter): Name = "Mfr.Ref"; Value = "CT41G-0805-2X1-50V-0.1µF-M(N)"; VariantName = "[No Variations]"
Add component (AddParameter): Name = "Revision"; Value = "July-2002: Re-released for DXP Platform."; VariantName = "[No Variations]"
Add component (AddParameter): Name = "Supplier"; Value = "LCSC"; VariantName = "[No Variations]"
Add component (AddParameter): Name = "Supplier.Part"; Value = "C138340"; VariantName = "[No Variations]"
Add component (AddParameter): Name = "Supplier.Ref"; Value = "C138340"; VariantName = "[No Variations]"
Added Component: Designator=C4(Cap 1608-0603)
Add component (AddParameter): Name = "LCSC PART NUMBER"; Value = "C138340"; VariantName = "[No Variations]"
Add component (AddParameter): Name = "MANUF_REF"; Value = "CT41G-0805-2X1-50V-0.1µF-M(N)"; VariantName = "[No Variations]"
Add component (AddParameter): Name = "Manufacturer"; Value = "TORCH"; VariantName = "[No Variations]"
Add component (AddParameter): Name = "Mfr"; Value = "TORCH"; VariantName = "[No Variations]"
Add component (AddParameter): Name = "Mfr.Part"; Value = "CT41G-0805-2X1-50V-0.1µF-M(N)"; VariantName = "[No Variations]"
Add component (AddParameter): Name = "Mfr.Ref"; Value = "CT41G-0805-2X1-50V-0.1µF-M(N)"; VariantName = "[No Variations]"
Add component (AddParameter): Name = "Revision"; Value = "July-2002: Re-released for DXP Platform."; VariantName = "[No Variations]"
Add component (AddParameter): Name = "Supplier"; Value = "LCSC"; VariantName = "[No Variations]"
Add component (AddParameter): Name = "Supplier.Part"; Value = "C138340"; VariantName = "[No Variations]"
Add component (AddParameter): Name = "Supplier.Ref"; Value = "C138340"; VariantName = "[No Variations]"
Added Component: Designator=C5(Cap 1608-0603)
Add component (AddParameter): Name = "LCSC PART NUMBER"; Value = "C138340"; VariantName = "[No Variations]"
Add component (AddParameter): Name = "MANUF_REF"; Value = "CT41G-0805-2X1-50V-0.1µF-M(N)"; VariantName = "[No Variations]"
Add component (AddParameter): Name = "Manufacturer"; Value = "TORCH"; VariantName = "[No Variations]"
Add component (AddParameter): Name = "Mfr"; Value = "TORCH"; VariantName = "[No Variations]"
Add component (AddParameter): Name = "Mfr.Part"; Value = "CT41G-0805-2X1-50V-0.1µF-M(N)"; VariantName = "[No Variations]"
Add component (AddParameter): Name = "Mfr.Ref"; Value = "CT41G-0805-2X1-50V-0.1µF-M(N)"; VariantName = "[No Variations]"
Add component (AddParameter): Name = "Revision"; Value = "July-2002: Re-released for DXP Platform."; VariantName = "[No Variations]"
Add component (AddParameter): Name = "Supplier"; Value = "LCSC"; VariantName = "[No Variations]"
Add component (AddParameter): Name = "Supplier.Part"; Value = "C138340"; VariantName = "[No Variations]"
Add component (AddParameter): Name = "Supplier.Ref"; Value = "C138340"; VariantName = "[No Variations]"
Added Component: Designator=CARD1(TF-SMD_TF-01A2)
Add component (AddParameter): Name = "BOM_JLCPCB Part Class"; Value = "Extended Part"; VariantName = "[No Variations]"
Add component (AddParameter): Name = "BOM_Manufacturer"; Value = "????"; VariantName = "[No Variations]"
Add component (AddParameter): Name = "BOM_Manufacturer Part"; Value = "TF-01A"; VariantName = "[No Variations]"
Add component (AddParameter): Name = "BOM_Supplier"; Value = "LCSC"; VariantName = "[No Variations]"
Add component (AddParameter): Name = "BOM_Supplier Part"; Value = "C91145"; VariantName = "[No Variations]"
Add component (AddParameter): Name = "LCSC PART NUMBER"; Value = ""; VariantName = "[No Variations]"
Add component (AddParameter): Name = "MANUF_REF"; Value = ""; VariantName = "[No Variations]"
Add component (AddParameter): Name = "Manufacturer"; Value = "Korean Hroparts Elec"; VariantName = "[No Variations]"
Add component (AddParameter): Name = "Mfr.Part"; Value = "TF-01A"; VariantName = "[No Variations]"
Add component (AddParameter): Name = "spicePre"; Value = "C"; VariantName = "[No Variations]"
Add component (AddParameter): Name = "spiceSymbolName"; Value = "TF-01A"; VariantName = "[No Variations]"
Add component (AddParameter): Name = "Supplier"; Value = "LCSC"; VariantName = "[No Variations]"
Add component (AddParameter): Name = "Supplier.Part"; Value = "C91145"; VariantName = "[No Variations]"
Added Component: Designator=CS1(CHEV)
Add component (AddParameter): Name = "LCSC PART NUMBER"; Value = ""; VariantName = "[No Variations]"
Add component (AddParameter): Name = "MANUF_REF"; Value = ""; VariantName = "[No Variations]"
Add component (AddParameter): Name = "Manufacturer"; Value = ""; VariantName = "[No Variations]"
Add component (AddParameter): Name = "Mfr.Part"; Value = ""; VariantName = "[No Variations]"
Add component (AddParameter): Name = "Supplier"; Value = "LCSC"; VariantName = "[No Variations]"
Add component (AddParameter): Name = "Supplier.Part"; Value = ""; VariantName = "[No Variations]"
Added Component: Designator=CS2(CHEV)
Add component (AddParameter): Name = "LCSC PART NUMBER"; Value = ""; VariantName = "[No Variations]"
Add component (AddParameter): Name = "MANUF_REF"; Value = ""; VariantName = "[No Variations]"
Add component (AddParameter): Name = "Manufacturer"; Value = ""; VariantName = "[No Variations]"
Add component (AddParameter): Name = "Mfr.Part"; Value = ""; VariantName = "[No Variations]"
Add component (AddParameter): Name = "Supplier"; Value = "LCSC"; VariantName = "[No Variations]"
Add component (AddParameter): Name = "Supplier.Part"; Value = ""; VariantName = "[No Variations]"
Added Component: Designator=CS3(CHEV)
Add component (AddParameter): Name = "LCSC PART NUMBER"; Value = ""; VariantName = "[No Variations]"
Add component (AddParameter): Name = "MANUF_REF"; Value = ""; VariantName = "[No Variations]"
Add component (AddParameter): Name = "Manufacturer"; Value = ""; VariantName = "[No Variations]"
Add component (AddParameter): Name = "Mfr.Part"; Value = ""; VariantName = "[No Variations]"
Add component (AddParameter): Name = "Supplier"; Value = "LCSC"; VariantName = "[No Variations]"
Add component (AddParameter): Name = "Supplier.Part"; Value = ""; VariantName = "[No Variations]"
Added Component: Designator=CS4(CHEV)
Add component (AddParameter): Name = "LCSC PART NUMBER"; Value = ""; VariantName = "[No Variations]"
Add component (AddParameter): Name = "MANUF_REF"; Value = ""; VariantName = "[No Variations]"
Add component (AddParameter): Name = "Manufacturer"; Value = ""; VariantName = "[No Variations]"
Add component (AddParameter): Name = "Mfr.Part"; Value = ""; VariantName = "[No Variations]"
Add component (AddParameter): Name = "Supplier"; Value = "LCSC"; VariantName = "[No Variations]"
Add component (AddParameter): Name = "Supplier.Part"; Value = ""; VariantName = "[No Variations]"
Added Component: Designator=CS5(CHEV)
Add component (AddParameter): Name = "LCSC PART NUMBER"; Value = ""; VariantName = "[No Variations]"
Add component (AddParameter): Name = "MANUF_REF"; Value = ""; VariantName = "[No Variations]"
Add component (AddParameter): Name = "Manufacturer"; Value = ""; VariantName = "[No Variations]"
Add component (AddParameter): Name = "Mfr.Part"; Value = ""; VariantName = "[No Variations]"
Add component (AddParameter): Name = "Supplier"; Value = "LCSC"; VariantName = "[No Variations]"
Add component (AddParameter): Name = "Supplier.Part"; Value = ""; VariantName = "[No Variations]"
Added Component: Designator=CS6(CHEV)
Add component (AddParameter): Name = "LCSC PART NUMBER"; Value = ""; VariantName = "[No Variations]"
Add component (AddParameter): Name = "MANUF_REF"; Value = ""; VariantName = "[No Variations]"
Add component (AddParameter): Name = "Manufacturer"; Value = ""; VariantName = "[No Variations]"
Add component (AddParameter): Name = "Mfr.Part"; Value = ""; VariantName = "[No Variations]"
Add component (AddParameter): Name = "Supplier"; Value = "LCSC"; VariantName = "[No Variations]"
Add component (AddParameter): Name = "Supplier.Part"; Value = ""; VariantName = "[No Variations]"
Added Component: Designator=CS7(CHEV)
Add component (AddParameter): Name = "LCSC PART NUMBER"; Value = ""; VariantName = "[No Variations]"
Add component (AddParameter): Name = "MANUF_REF"; Value = ""; VariantName = "[No Variations]"
Add component (AddParameter): Name = "Manufacturer"; Value = ""; VariantName = "[No Variations]"
Add component (AddParameter): Name = "Mfr.Part"; Value = ""; VariantName = "[No Variations]"
Add component (AddParameter): Name = "Supplier"; Value = "LCSC"; VariantName = "[No Variations]"
Add component (AddParameter): Name = "Supplier.Part"; Value = ""; VariantName = "[No Variations]"
Added Component: Designator=CS8(CHEV)
Add component (AddParameter): Name = "LCSC PART NUMBER"; Value = ""; VariantName = "[No Variations]"
Add component (AddParameter): Name = "MANUF_REF"; Value = ""; VariantName = "[No Variations]"
Add component (AddParameter): Name = "Manufacturer"; Value = ""; VariantName = "[No Variations]"
Add component (AddParameter): Name = "Mfr.Part"; Value = ""; VariantName = "[No Variations]"
Add component (AddParameter): Name = "Supplier"; Value = "LCSC"; VariantName = "[No Variations]"
Add component (AddParameter): Name = "Supplier.Part"; Value = ""; VariantName = "[No Variations]"
Added Component: Designator=CS9(CHEV)
Add component (AddParameter): Name = "LCSC PART NUMBER"; Value = ""; VariantName = "[No Variations]"
Add component (AddParameter): Name = "MANUF_REF"; Value = ""; VariantName = "[No Variations]"
Add component (AddParameter): Name = "Manufacturer"; Value = ""; VariantName = "[No Variations]"
Add component (AddParameter): Name = "Mfr.Part"; Value = ""; VariantName = "[No Variations]"
Add component (AddParameter): Name = "Supplier"; Value = "LCSC"; VariantName = "[No Variations]"
Add component (AddParameter): Name = "Supplier.Part"; Value = ""; VariantName = "[No Variations]"
Added Component: Designator=CS10(CHEV)
Add component (AddParameter): Name = "LCSC PART NUMBER"; Value = ""; VariantName = "[No Variations]"
Add component (AddParameter): Name = "MANUF_REF"; Value = ""; VariantName = "[No Variations]"
Add component (AddParameter): Name = "Manufacturer"; Value = ""; VariantName = "[No Variations]"
Add component (AddParameter): Name = "Mfr.Part"; Value = ""; VariantName = "[No Variations]"
Add component (AddParameter): Name = "Supplier"; Value = "LCSC"; VariantName = "[No Variations]"
Add component (AddParameter): Name = "Supplier.Part"; Value = ""; VariantName = "[No Variations]"
Added Component: Designator=D1(LED_0603R)
Add component (AddParameter): Name = "LCSC PART NUMBER"; Value = ""; VariantName = "[No Variations]"
Add component (AddParameter): Name = "MANUF_REF"; Value = ""; VariantName = "[No Variations]"
Add component (AddParameter): Name = "Manufacturer"; Value = "Lite-On"; VariantName = "[No Variations]"
Add component (AddParameter): Name = "Mfr"; Value = "LITEON"; VariantName = "[No Variations]"
Add component (AddParameter): Name = "Mfr.Part"; Value = "LTST-C191KRKT"; VariantName = "[No Variations]"
Add component (AddParameter): Name = "Mfr.Ref"; Value = "LTST-C191KRKT"; VariantName = "[No Variations]"
Add component (AddParameter): Name = "Supplier"; Value = "LCSC"; VariantName = "[No Variations]"
Add component (AddParameter): Name = "Supplier.Part"; Value = "C125099"; VariantName = "[No Variations]"
Add component (AddParameter): Name = "Supplier.Ref"; Value = "C125099"; VariantName = "[No Variations]"
Added Component: Designator=EXP1(HDR2X5_exp Iner only\)
Add component (AddParameter): Name = "LatestRevisionDate"; Value = "17-Jul-2002"; VariantName = "[No Variations]"
Add component (AddParameter): Name = "LatestRevisionNote"; Value = "Re-released for DXP Platform."; VariantName = "[No Variations]"
Add component (AddParameter): Name = "Manufacturer"; Value = "PINREX"; VariantName = "[No Variations]"
Add component (AddParameter): Name = "Manufacturer 1"; Value = "Generic Header"; VariantName = "[No Variations]"
Add component (AddParameter): Name = "Mfr.Part"; Value = "510-80-10GB43"; VariantName = "[No Variations]"
Add component (AddParameter): Name = "Note"; Value = "Approved sub OK"; VariantName = "[No Variations]"
Add component (AddParameter): Name = "Publisher"; Value = "Altium Limited"; VariantName = "[No Variations]"
Add component (AddParameter): Name = "Supplier"; Value = "LCSC"; VariantName = "[No Variations]"
Add component (AddParameter): Name = "Supplier 1"; Value = ""; VariantName = "[No Variations]"
Add component (AddParameter): Name = "Supplier Part Number 1"; Value = ""; VariantName = "[No Variations]"
Add component (AddParameter): Name = "Supplier.Part"; Value = "C390693"; VariantName = "[No Variations]"
Added Component: Designator=EXP2(HDR2X5_exp Iner only\)
Add component (AddParameter): Name = "LatestRevisionDate"; Value = "17-Jul-2002"; VariantName = "[No Variations]"
Add component (AddParameter): Name = "LatestRevisionNote"; Value = "Re-released for DXP Platform."; VariantName = "[No Variations]"
Add component (AddParameter): Name = "Manufacturer"; Value = "PINREX"; VariantName = "[No Variations]"
Add component (AddParameter): Name = "Manufacturer 1"; Value = "Generic Header"; VariantName = "[No Variations]"
Add component (AddParameter): Name = "Mfr.Part"; Value = "510-80-10GB43"; VariantName = "[No Variations]"
Add component (AddParameter): Name = "Note"; Value = "Approved sub OK"; VariantName = "[No Variations]"
Add component (AddParameter): Name = "Publisher"; Value = "Altium Limited"; VariantName = "[No Variations]"
Add component (AddParameter): Name = "Supplier"; Value = "LCSC"; VariantName = "[No Variations]"
Add component (AddParameter): Name = "Supplier 1"; Value = ""; VariantName = "[No Variations]"
Add component (AddParameter): Name = "Supplier Part Number 1"; Value = ""; VariantName = "[No Variations]"
Add component (AddParameter): Name = "Supplier.Part"; Value = "C390693"; VariantName = "[No Variations]"
Added Component: Designator=EXP3(HDR2X5_exp Iner only\)
Add component (AddParameter): Name = "LatestRevisionDate"; Value = "17-Jul-2002"; VariantName = "[No Variations]"
Add component (AddParameter): Name = "LatestRevisionNote"; Value = "Re-released for DXP Platform."; VariantName = "[No Variations]"
Add component (AddParameter): Name = "Manufacturer"; Value = "PINREX"; VariantName = "[No Variations]"
Add component (AddParameter): Name = "Manufacturer 1"; Value = "Generic Header"; VariantName = "[No Variations]"
Add component (AddParameter): Name = "Mfr.Part"; Value = "510-80-10GB43"; VariantName = "[No Variations]"
Add component (AddParameter): Name = "Note"; Value = "Approved sub OK"; VariantName = "[No Variations]"
Add component (AddParameter): Name = "Publisher"; Value = "Altium Limited"; VariantName = "[No Variations]"
Add component (AddParameter): Name = "Supplier"; Value = "LCSC"; VariantName = "[No Variations]"
Add component (AddParameter): Name = "Supplier 1"; Value = ""; VariantName = "[No Variations]"
Add component (AddParameter): Name = "Supplier Part Number 1"; Value = ""; VariantName = "[No Variations]"
Add component (AddParameter): Name = "Supplier.Part"; Value = "C390693"; VariantName = "[No Variations]"
Added Component: Designator=Q1(SOT-23-3_L2.9-W1.6-P1.90-LS2.8-BR)
Add component (AddParameter): Name = "JLCPCB Part Class"; Value = "Extended Part"; VariantName = "[No Variations]"
Add component (AddParameter): Name = "Manufacturer"; Value = "CJ(????/??)"; VariantName = "[No Variations]"
Add component (AddParameter): Name = "Manufacturer Part"; Value = "S8050"; VariantName = "[No Variations]"
Add component (AddParameter): Name = "Mfr.Part"; Value = "C105433"; VariantName = "[No Variations]"
Add component (AddParameter): Name = "spicePre"; Value = "Q"; VariantName = "[No Variations]"
Add component (AddParameter): Name = "spiceSymbolName"; Value = "S8050_C105433"; VariantName = "[No Variations]"
Add component (AddParameter): Name = "Supplier"; Value = "LCSC"; VariantName = "[No Variations]"
Add component (AddParameter): Name = "Supplier Part"; Value = "C105433"; VariantName = "[No Variations]"
Add component (AddParameter): Name = "Supplier.Part"; Value = "C105433"; VariantName = "[No Variations]"
Added Component: Designator=R1(RES 1608-0603)
Add component (AddParameter): Name = "LCSC PART NUMBER"; Value = ""; VariantName = "[No Variations]"
Add component (AddParameter): Name = "MANUF_REF"; Value = ""; VariantName = "[No Variations]"
Add component (AddParameter): Name = "Manufacturer"; Value = "UNI-ROYAL(Uniroyal Elec)"; VariantName = "[No Variations]"
Add component (AddParameter): Name = "Mfr.Part"; Value = "0805W8F1002T5E"; VariantName = "[No Variations]"
Add component (AddParameter): Name = "Note"; Value = "Approved sub OK"; VariantName = "[No Variations]"
Add component (AddParameter): Name = "Published"; Value = "8-Jun-2000"; VariantName = "[No Variations]"
Add component (AddParameter): Name = "Revision"; Value = "July-2002: Re-released for DXP Platform."; VariantName = "[No Variations]"
Add component (AddParameter): Name = "Supplier"; Value = "LCSC"; VariantName = "[No Variations]"
Add component (AddParameter): Name = "Supplier 1"; Value = "Digi-Key"; VariantName = "[No Variations]"
Add component (AddParameter): Name = "Supplier Part Number 1"; Value = "311-10.0KHRCT-ND"; VariantName = "[No Variations]"
Add component (AddParameter): Name = "Supplier.Part"; Value = "C17414"; VariantName = "[No Variations]"
Add component (AddParameter): Name = "Value"; Value = "10K"; VariantName = "[No Variations]"
Added Component: Designator=R2(RES 1608-0603)
Add component (AddParameter): Name = "LCSC PART NUMBER"; Value = ""; VariantName = "[No Variations]"
Add component (AddParameter): Name = "MANUF_REF"; Value = ""; VariantName = "[No Variations]"
Add component (AddParameter): Name = "Manufacturer"; Value = "UNI-ROYAL(Uniroyal Elec)"; VariantName = "[No Variations]"
Add component (AddParameter): Name = "Mfr.Part"; Value = "0805W8F1002T5E"; VariantName = "[No Variations]"
Add component (AddParameter): Name = "Note"; Value = "Approved sub OK"; VariantName = "[No Variations]"
Add component (AddParameter): Name = "Published"; Value = "8-Jun-2000"; VariantName = "[No Variations]"
Add component (AddParameter): Name = "Revision"; Value = "July-2002: Re-released for DXP Platform."; VariantName = "[No Variations]"
Add component (AddParameter): Name = "Supplier"; Value = "LCSC"; VariantName = "[No Variations]"
Add component (AddParameter): Name = "Supplier 1"; Value = "Digi-Key"; VariantName = "[No Variations]"
Add component (AddParameter): Name = "Supplier Part Number 1"; Value = "311-10.0KHRCT-ND"; VariantName = "[No Variations]"
Add component (AddParameter): Name = "Supplier.Part"; Value = "C17414"; VariantName = "[No Variations]"
Add component (AddParameter): Name = "Value"; Value = "10K"; VariantName = "[No Variations]"
Added Component: Designator=R3(0805)
Add component (AddParameter): Name = "LCSC PART NUMBER"; Value = "C60816"; VariantName = "[No Variations]"
Add component (AddParameter): Name = "MANUF_REF"; Value = "RC0805FR-074K7L"; VariantName = "[No Variations]"
Add component (AddParameter): Name = "Manufacturer"; Value = "YAGEO"; VariantName = "[No Variations]"
Add component (AddParameter): Name = "Mfr.Part"; Value = "RC0805FR-074K7L"; VariantName = "[No Variations]"
Add component (AddParameter): Name = "Supplier"; Value = "LCSC"; VariantName = "[No Variations]"
Add component (AddParameter): Name = "Supplier.Part"; Value = "C60816"; VariantName = "[No Variations]"
Added Component: Designator=R4(RES-ADJ-TH_3362P)
Add component (AddParameter): Name = "Contributor"; Value = "LCSC"; VariantName = "[No Variations]"
Add component (AddParameter): Name = "JLCPCB Part Class"; Value = "Extended Part"; VariantName = "[No Variations]"
Add component (AddParameter): Name = "Manufacturer"; Value = "BOCHEN(??)"; VariantName = "[No Variations]"
Add component (AddParameter): Name = "Manufacturer Part"; Value = "3362P-1-103"; VariantName = "[No Variations]"
Add component (AddParameter): Name = "Mfr.Part"; Value = "3362P-1-103"; VariantName = "[No Variations]"
Add component (AddParameter): Name = "nameAlias"; Value = "Value"; VariantName = "[No Variations]"
Add component (AddParameter): Name = "Resistance(Ohms)"; Value = "10K"; VariantName = "[No Variations]"
Add component (AddParameter): Name = "spicePre"; Value = "R"; VariantName = "[No Variations]"
Add component (AddParameter): Name = "spiceSymbolName"; Value = "3362P-1-103_C118956"; VariantName = "[No Variations]"
Add component (AddParameter): Name = "Supplier"; Value = "LCSC"; VariantName = "[No Variations]"
Add component (AddParameter): Name = "Supplier Part"; Value = "C118956"; VariantName = "[No Variations]"
Add component (AddParameter): Name = "Supplier.Part"; Value = "C118956"; VariantName = "[No Variations]"
Added Component: Designator=R5(RES-ADJ-TH_RK09L1140A5P)
Add component (AddParameter): Name = "Contributor"; Value = "LCSC"; VariantName = "[No Variations]"
Add component (AddParameter): Name = "JLCPCB Part Class"; Value = "Extended Part"; VariantName = "[No Variations]"
Add component (AddParameter): Name = "Manufacturer"; Value = "ALPSALPINE(???????)"; VariantName = "[No Variations]"
Add component (AddParameter): Name = "Manufacturer Part"; Value = "RK09L1140A5P"; VariantName = "[No Variations]"
Add component (AddParameter): Name = "Mfr.Part"; Value = "RK09L1140A5P"; VariantName = "[No Variations]"
Add component (AddParameter): Name = "nameAlias"; Value = "Value"; VariantName = "[No Variations]"
Add component (AddParameter): Name = "spicePre"; Value = "R"; VariantName = "[No Variations]"
Add component (AddParameter): Name = "spiceSymbolName"; Value = "RK09L1140A5P"; VariantName = "[No Variations]"
Add component (AddParameter): Name = "Supplier"; Value = ""; VariantName = "[No Variations]"
Add component (AddParameter): Name = "Supplier Part"; Value = "C231764"; VariantName = "[No Variations]"
Add component (AddParameter): Name = "Supplier.Part"; Value = "C231764"; VariantName = "[No Variations]"
Added Component: Designator=R6(RES-ADJ-TH_RK09L1140A5P)
Add component (AddParameter): Name = "Contributor"; Value = "LCSC"; VariantName = "[No Variations]"
Add component (AddParameter): Name = "JLCPCB Part Class"; Value = "Extended Part"; VariantName = "[No Variations]"
Add component (AddParameter): Name = "Manufacturer"; Value = "ALPSALPINE(???????)"; VariantName = "[No Variations]"
Add component (AddParameter): Name = "Manufacturer Part"; Value = "RK09L1140A5P"; VariantName = "[No Variations]"
Add component (AddParameter): Name = "Mfr.Part"; Value = "RK09L1140A5P"; VariantName = "[No Variations]"
Add component (AddParameter): Name = "nameAlias"; Value = "Value"; VariantName = "[No Variations]"
Add component (AddParameter): Name = "spicePre"; Value = "R"; VariantName = "[No Variations]"
Add component (AddParameter): Name = "spiceSymbolName"; Value = "RK09L1140A5P"; VariantName = "[No Variations]"
Add component (AddParameter): Name = "Supplier"; Value = ""; VariantName = "[No Variations]"
Add component (AddParameter): Name = "Supplier Part"; Value = "C231764"; VariantName = "[No Variations]"
Add component (AddParameter): Name = "Supplier.Part"; Value = "C231764"; VariantName = "[No Variations]"
Added Component: Designator=R7(RES 1608-0603)
Add component (AddParameter): Name = "LCSC PART NUMBER"; Value = ""; VariantName = "[No Variations]"
Add component (AddParameter): Name = "MANUF_REF"; Value = ""; VariantName = "[No Variations]"
Add component (AddParameter): Name = "Manufacturer"; Value = "UNI-ROYAL(Uniroyal Elec)"; VariantName = "[No Variations]"
Add component (AddParameter): Name = "Mfr.Part"; Value = "0805W8F1002T5E"; VariantName = "[No Variations]"
Add component (AddParameter): Name = "Note"; Value = "Approved sub OK"; VariantName = "[No Variations]"
Add component (AddParameter): Name = "Published"; Value = "8-Jun-2000"; VariantName = "[No Variations]"
Add component (AddParameter): Name = "Revision"; Value = "July-2002: Re-released for DXP Platform."; VariantName = "[No Variations]"
Add component (AddParameter): Name = "Supplier"; Value = "LCSC"; VariantName = "[No Variations]"
Add component (AddParameter): Name = "Supplier 1"; Value = "Digi-Key"; VariantName = "[No Variations]"
Add component (AddParameter): Name = "Supplier Part Number 1"; Value = "311-10.0KHRCT-ND"; VariantName = "[No Variations]"
Add component (AddParameter): Name = "Supplier.Part"; Value = "C17414"; VariantName = "[No Variations]"
Add component (AddParameter): Name = "Value"; Value = "10K"; VariantName = "[No Variations]"
Added Component: Designator=R8(RES 1608-0603)
Add component (AddParameter): Name = "LCSC PART NUMBER"; Value = ""; VariantName = "[No Variations]"
Add component (AddParameter): Name = "MANUF_REF"; Value = ""; VariantName = "[No Variations]"
Add component (AddParameter): Name = "Manufacturer"; Value = "UNI-ROYAL(Uniroyal Elec)"; VariantName = "[No Variations]"
Add component (AddParameter): Name = "Mfr.Part"; Value = "0805W8F1002T5E"; VariantName = "[No Variations]"
Add component (AddParameter): Name = "Note"; Value = "Approved sub OK"; VariantName = "[No Variations]"
Add component (AddParameter): Name = "Published"; Value = "8-Jun-2000"; VariantName = "[No Variations]"
Add component (AddParameter): Name = "Revision"; Value = "July-2002: Re-released for DXP Platform."; VariantName = "[No Variations]"
Add component (AddParameter): Name = "Supplier"; Value = "LCSC"; VariantName = "[No Variations]"
Add component (AddParameter): Name = "Supplier 1"; Value = "Digi-Key"; VariantName = "[No Variations]"
Add component (AddParameter): Name = "Supplier Part Number 1"; Value = "311-10.0KHRCT-ND"; VariantName = "[No Variations]"
Add component (AddParameter): Name = "Supplier.Part"; Value = "C17414"; VariantName = "[No Variations]"
Add component (AddParameter): Name = "Value"; Value = "10K"; VariantName = "[No Variations]"
Added Component: Designator=R9(RES 1608-0603)
Add component (AddParameter): Name = "LCSC PART NUMBER"; Value = ""; VariantName = "[No Variations]"
Add component (AddParameter): Name = "MANUF_REF"; Value = ""; VariantName = "[No Variations]"
Add component (AddParameter): Name = "Manufacturer"; Value = "UNI-ROYAL(Uniroyal Elec)"; VariantName = "[No Variations]"
Add component (AddParameter): Name = "Mfr.Part"; Value = "0805W8F1002T5E"; VariantName = "[No Variations]"
Add component (AddParameter): Name = "Note"; Value = "Approved sub OK"; VariantName = "[No Variations]"
Add component (AddParameter): Name = "Published"; Value = "8-Jun-2000"; VariantName = "[No Variations]"
Add component (AddParameter): Name = "Revision"; Value = "July-2002: Re-released for DXP Platform."; VariantName = "[No Variations]"
Add component (AddParameter): Name = "Supplier"; Value = "LCSC"; VariantName = "[No Variations]"
Add component (AddParameter): Name = "Supplier 1"; Value = "Digi-Key"; VariantName = "[No Variations]"
Add component (AddParameter): Name = "Supplier Part Number 1"; Value = "311-10.0KHRCT-ND"; VariantName = "[No Variations]"
Add component (AddParameter): Name = "Supplier.Part"; Value = "C17414"; VariantName = "[No Variations]"
Add component (AddParameter): Name = "Value"; Value = "10K"; VariantName = "[No Variations]"
Added Component: Designator=R10(0805)
Add component (AddParameter): Name = "LCSC PART NUMBER"; Value = "C60816"; VariantName = "[No Variations]"
Add component (AddParameter): Name = "MANUF_REF"; Value = "RC0805FR-074K7L"; VariantName = "[No Variations]"
Add component (AddParameter): Name = "Manufacturer"; Value = "YAGEO"; VariantName = "[No Variations]"
Add component (AddParameter): Name = "Mfr.Part"; Value = "RC0805FR-074K7L"; VariantName = "[No Variations]"
Add component (AddParameter): Name = "Supplier"; Value = "LCSC"; VariantName = "[No Variations]"
Add component (AddParameter): Name = "Supplier.Part"; Value = "C60816"; VariantName = "[No Variations]"
Added Component: Designator=R11(0805)
Add component (AddParameter): Name = "LCSC PART NUMBER"; Value = "C60816"; VariantName = "[No Variations]"
Add component (AddParameter): Name = "MANUF_REF"; Value = "RC0805FR-074K7L"; VariantName = "[No Variations]"
Add component (AddParameter): Name = "Manufacturer"; Value = "YAGEO"; VariantName = "[No Variations]"
Add component (AddParameter): Name = "Mfr.Part"; Value = "RC0805FR-074K7L"; VariantName = "[No Variations]"
Add component (AddParameter): Name = "Supplier"; Value = "LCSC"; VariantName = "[No Variations]"
Add component (AddParameter): Name = "Supplier.Part"; Value = "C60816"; VariantName = "[No Variations]"
Added Component: Designator=R12(0805)
Add component (AddParameter): Name = "LCSC PART NUMBER"; Value = "C60816"; VariantName = "[No Variations]"
Add component (AddParameter): Name = "MANUF_REF"; Value = "RC0805FR-074K7L"; VariantName = "[No Variations]"
Add component (AddParameter): Name = "Manufacturer"; Value = "YAGEO"; VariantName = "[No Variations]"
Add component (AddParameter): Name = "Mfr.Part"; Value = "RC0805FR-074K7L"; VariantName = "[No Variations]"
Add component (AddParameter): Name = "Supplier"; Value = "LCSC"; VariantName = "[No Variations]"
Add component (AddParameter): Name = "Supplier.Part"; Value = "C60816"; VariantName = "[No Variations]"
Added Component: Designator=R13(RES 1608-0603)
Add component (AddParameter): Name = "LCSC PART NUMBER"; Value = ""; VariantName = "[No Variations]"
Add component (AddParameter): Name = "MANUF_REF"; Value = ""; VariantName = "[No Variations]"
Add component (AddParameter): Name = "Manufacturer"; Value = "UNI-ROYAL(Uniroyal Elec)"; VariantName = "[No Variations]"
Add component (AddParameter): Name = "Mfr.Part"; Value = "0805W8F1002T5E"; VariantName = "[No Variations]"
Add component (AddParameter): Name = "Note"; Value = "Approved sub OK"; VariantName = "[No Variations]"
Add component (AddParameter): Name = "Published"; Value = "8-Jun-2000"; VariantName = "[No Variations]"
Add component (AddParameter): Name = "Revision"; Value = "July-2002: Re-released for DXP Platform."; VariantName = "[No Variations]"
Add component (AddParameter): Name = "Supplier"; Value = "LCSC"; VariantName = "[No Variations]"
Add component (AddParameter): Name = "Supplier 1"; Value = "Digi-Key"; VariantName = "[No Variations]"
Add component (AddParameter): Name = "Supplier Part Number 1"; Value = "311-10.0KHRCT-ND"; VariantName = "[No Variations]"
Add component (AddParameter): Name = "Supplier.Part"; Value = "C17414"; VariantName = "[No Variations]"
Add component (AddParameter): Name = "Value"; Value = "10K"; VariantName = "[No Variations]"
Added Component: Designator=R14(0805)
Add component (AddParameter): Name = "LCSC PART NUMBER"; Value = "C60816"; VariantName = "[No Variations]"
Add component (AddParameter): Name = "MANUF_REF"; Value = "RC0805FR-074K7L"; VariantName = "[No Variations]"
Add component (AddParameter): Name = "Manufacturer"; Value = "YAGEO"; VariantName = "[No Variations]"
Add component (AddParameter): Name = "Mfr.Part"; Value = "RC0805FR-074K7L"; VariantName = "[No Variations]"
Add component (AddParameter): Name = "Supplier"; Value = "LCSC"; VariantName = "[No Variations]"
Add component (AddParameter): Name = "Supplier.Part"; Value = "C60816"; VariantName = "[No Variations]"
Added Component: Designator=R15(0805)
Add component (AddParameter): Name = "LCSC PART NUMBER"; Value = "C60816"; VariantName = "[No Variations]"
Add component (AddParameter): Name = "MANUF_REF"; Value = "RC0805FR-074K7L"; VariantName = "[No Variations]"
Add component (AddParameter): Name = "Manufacturer"; Value = "YAGEO"; VariantName = "[No Variations]"
Add component (AddParameter): Name = "Mfr.Part"; Value = "RC0805FR-074K7L"; VariantName = "[No Variations]"
Add component (AddParameter): Name = "Supplier"; Value = "LCSC"; VariantName = "[No Variations]"
Add component (AddParameter): Name = "Supplier.Part"; Value = "C60816"; VariantName = "[No Variations]"
Added Component: Designator=R16(RES 1608-0603)
Add component (AddParameter): Name = "LCSC PART NUMBER"; Value = ""; VariantName = "[No Variations]"
Add component (AddParameter): Name = "MANUF_REF"; Value = ""; VariantName = "[No Variations]"
Add component (AddParameter): Name = "Manufacturer"; Value = "UNI-ROYAL(Uniroyal Elec)"; VariantName = "[No Variations]"
Add component (AddParameter): Name = "Mfr.Part"; Value = "0805W8F1002T5E"; VariantName = "[No Variations]"
Add component (AddParameter): Name = "Note"; Value = "Approved sub OK"; VariantName = "[No Variations]"
Add component (AddParameter): Name = "Published"; Value = "8-Jun-2000"; VariantName = "[No Variations]"
Add component (AddParameter): Name = "Revision"; Value = "July-2002: Re-released for DXP Platform."; VariantName = "[No Variations]"
Add component (AddParameter): Name = "Supplier"; Value = "LCSC"; VariantName = "[No Variations]"
Add component (AddParameter): Name = "Supplier 1"; Value = "Digi-Key"; VariantName = "[No Variations]"
Add component (AddParameter): Name = "Supplier Part Number 1"; Value = "311-10.0KHRCT-ND"; VariantName = "[No Variations]"
Add component (AddParameter): Name = "Supplier.Part"; Value = "C17414"; VariantName = "[No Variations]"
Add component (AddParameter): Name = "Value"; Value = "10K"; VariantName = "[No Variations]"
Added Component: Designator=R17(0805)
Add component (AddParameter): Name = "LCSC PART NUMBER"; Value = "C60816"; VariantName = "[No Variations]"
Add component (AddParameter): Name = "MANUF_REF"; Value = "RC0805FR-074K7L"; VariantName = "[No Variations]"
Add component (AddParameter): Name = "Manufacturer"; Value = "YAGEO"; VariantName = "[No Variations]"
Add component (AddParameter): Name = "Mfr.Part"; Value = "RC0805FR-074K7L"; VariantName = "[No Variations]"
Add component (AddParameter): Name = "Supplier"; Value = "LCSC"; VariantName = "[No Variations]"
Add component (AddParameter): Name = "Supplier.Part"; Value = "C60816"; VariantName = "[No Variations]"
Added Component: Designator=R18(0805)
Add component (AddParameter): Name = "LCSC PART NUMBER"; Value = "C60816"; VariantName = "[No Variations]"
Add component (AddParameter): Name = "MANUF_REF"; Value = "RC0805FR-074K7L"; VariantName = "[No Variations]"
Add component (AddParameter): Name = "Manufacturer"; Value = "YAGEO"; VariantName = "[No Variations]"
Add component (AddParameter): Name = "Mfr.Part"; Value = "RC0805FR-074K7L"; VariantName = "[No Variations]"
Add component (AddParameter): Name = "Supplier"; Value = "LCSC"; VariantName = "[No Variations]"
Add component (AddParameter): Name = "Supplier.Part"; Value = "C60816"; VariantName = "[No Variations]"
Added Component: Designator=R19(0805)
Add component (AddParameter): Name = "LCSC PART NUMBER"; Value = "C60816"; VariantName = "[No Variations]"
Add component (AddParameter): Name = "MANUF_REF"; Value = "RC0805FR-074K7L"; VariantName = "[No Variations]"
Add component (AddParameter): Name = "Manufacturer"; Value = "YAGEO"; VariantName = "[No Variations]"
Add component (AddParameter): Name = "Mfr.Part"; Value = "RC0805FR-074K7L"; VariantName = "[No Variations]"
Add component (AddParameter): Name = "Supplier"; Value = "LCSC"; VariantName = "[No Variations]"
Add component (AddParameter): Name = "Supplier.Part"; Value = "C60816"; VariantName = "[No Variations]"
Added Component: Designator=R20(0805)
Add component (AddParameter): Name = "LCSC PART NUMBER"; Value = "C60816"; VariantName = "[No Variations]"
Add component (AddParameter): Name = "MANUF_REF"; Value = "RC0805FR-074K7L"; VariantName = "[No Variations]"
Add component (AddParameter): Name = "Manufacturer"; Value = "YAGEO"; VariantName = "[No Variations]"
Add component (AddParameter): Name = "Mfr.Part"; Value = "RC0805FR-074K7L"; VariantName = "[No Variations]"
Add component (AddParameter): Name = "Supplier"; Value = "LCSC"; VariantName = "[No Variations]"
Add component (AddParameter): Name = "Supplier.Part"; Value = "C60816"; VariantName = "[No Variations]"
Added Component: Designator=R21(0805)
Add component (AddParameter): Name = "LCSC PART NUMBER"; Value = "C60816"; VariantName = "[No Variations]"
Add component (AddParameter): Name = "MANUF_REF"; Value = "RC0805FR-074K7L"; VariantName = "[No Variations]"
Add component (AddParameter): Name = "Manufacturer"; Value = "YAGEO"; VariantName = "[No Variations]"
Add component (AddParameter): Name = "Mfr.Part"; Value = "RC0805FR-074K7L"; VariantName = "[No Variations]"
Add component (AddParameter): Name = "Supplier"; Value = "LCSC"; VariantName = "[No Variations]"
Add component (AddParameter): Name = "Supplier.Part"; Value = "C60816"; VariantName = "[No Variations]"
Added Component: Designator=R22(RES 1608-0603)
Add component (AddParameter): Name = "LCSC PART NUMBER"; Value = ""; VariantName = "[No Variations]"
Add component (AddParameter): Name = "MANUF_REF"; Value = ""; VariantName = "[No Variations]"
Add component (AddParameter): Name = "Manufacturer"; Value = "UNI-ROYAL(Uniroyal Elec)"; VariantName = "[No Variations]"
Add component (AddParameter): Name = "Mfr.Part"; Value = "0805W8F1002T5E"; VariantName = "[No Variations]"
Add component (AddParameter): Name = "Note"; Value = "Approved sub OK"; VariantName = "[No Variations]"
Add component (AddParameter): Name = "Published"; Value = "8-Jun-2000"; VariantName = "[No Variations]"
Add component (AddParameter): Name = "Revision"; Value = "July-2002: Re-released for DXP Platform."; VariantName = "[No Variations]"
Add component (AddParameter): Name = "Supplier"; Value = "LCSC"; VariantName = "[No Variations]"
Add component (AddParameter): Name = "Supplier 1"; Value = "Digi-Key"; VariantName = "[No Variations]"
Add component (AddParameter): Name = "Supplier Part Number 1"; Value = "311-10.0KHRCT-ND"; VariantName = "[No Variations]"
Add component (AddParameter): Name = "Supplier.Part"; Value = "C17414"; VariantName = "[No Variations]"
Add component (AddParameter): Name = "Value"; Value = "10K"; VariantName = "[No Variations]"
Added Component: Designator=SW1(SW-TH_EC11E1564454)
Add component (AddParameter): Name = "Contributor"; Value = "LCSC"; VariantName = "[No Variations]"
Add component (AddParameter): Name = "JLCPCB Part Class"; Value = "Extended Part"; VariantName = "[No Variations]"
Add component (AddParameter): Name = "Manufacturer"; Value = "ALPSALPINE"; VariantName = "[No Variations]"
Add component (AddParameter): Name = "Manufacturer Part"; Value = "EC11E1564454"; VariantName = "[No Variations]"
Add component (AddParameter): Name = "Mfr.Part"; Value = "EC11E1564454"; VariantName = "[No Variations]"
Add component (AddParameter): Name = "spicePre"; Value = "S"; VariantName = "[No Variations]"
Add component (AddParameter): Name = "spiceSymbolName"; Value = "EC11E1564454"; VariantName = "[No Variations]"
Add component (AddParameter): Name = "Supplier"; Value = "LCSC"; VariantName = "[No Variations]"
Add component (AddParameter): Name = "Supplier Part"; Value = "C1322545"; VariantName = "[No Variations]"
Add component (AddParameter): Name = "Supplier.Part"; Value = "C1322545"; VariantName = "[No Variations]"
Added Component: Designator=SW2(SW-TH_EC11E1564454)
Add component (AddParameter): Name = "Contributor"; Value = "LCSC"; VariantName = "[No Variations]"
Add component (AddParameter): Name = "JLCPCB Part Class"; Value = "Extended Part"; VariantName = "[No Variations]"
Add component (AddParameter): Name = "Manufacturer"; Value = "ALPSALPINE"; VariantName = "[No Variations]"
Add component (AddParameter): Name = "Manufacturer Part"; Value = "EC11E1564454"; VariantName = "[No Variations]"
Add component (AddParameter): Name = "Mfr.Part"; Value = "EC11E1564454"; VariantName = "[No Variations]"
Add component (AddParameter): Name = "spicePre"; Value = "S"; VariantName = "[No Variations]"
Add component (AddParameter): Name = "spiceSymbolName"; Value = "EC11E1564454"; VariantName = "[No Variations]"
Add component (AddParameter): Name = "Supplier"; Value = "LCSC"; VariantName = "[No Variations]"
Add component (AddParameter): Name = "Supplier Part"; Value = "C1322545"; VariantName = "[No Variations]"
Add component (AddParameter): Name = "Supplier.Part"; Value = "C1322545"; VariantName = "[No Variations]"
Added Component: Designator=SW3(FP-B3F-1005-MFG)
Add component (AddParameter): Name = "Actuator Color"; Value = "Orange"; VariantName = "[No Variations]"
Add component (AddParameter): Name = "Actuator Length"; Value = "0.9mm"; VariantName = "[No Variations]"
Add component (AddParameter): Name = "Actuator Type"; Value = "Standard"; VariantName = "[No Variations]"
Add component (AddParameter): Name = "Contact Current Rating"; Value = "50mA"; VariantName = "[No Variations]"
Add component (AddParameter): Name = "Contact Material"; Value = "Gold"; VariantName = "[No Variations]"
Add component (AddParameter): Name = "Contact Plating"; Value = "Silver"; VariantName = "[No Variations]"
Add component (AddParameter): Name = "Contact Resistance"; Value = "100mR"; VariantName = "[No Variations]"
Add component (AddParameter): Name = "Current Rating"; Value = "50mA"; VariantName = "[No Variations]"
Add component (AddParameter): Name = "Depth"; Value = "6mm"; VariantName = "[No Variations]"
Add component (AddParameter): Name = "Electrical Life"; Value = "300000Cycles"; VariantName = "[No Variations]"
Add component (AddParameter): Name = "Height"; Value = "4.3mm"; VariantName = "[No Variations]"
Add component (AddParameter): Name = "Illumination Type"; Value = "Non-Illuminated"; VariantName = "[No Variations]"
Add component (AddParameter): Name = "Lead Free"; Value = "Lead Free"; VariantName = "[No Variations]"
Add component (AddParameter): Name = "Length"; Value = "6mm"; VariantName = "[No Variations]"
Add component (AddParameter): Name = "Max Current Rating"; Value = "50mA"; VariantName = "[No Variations]"
Add component (AddParameter): Name = "Max Operating Temperature"; Value = "70°C"; VariantName = "[No Variations]"
Add component (AddParameter): Name = "Max Voltage Rating (DC)"; Value = "24V"; VariantName = "[No Variations]"
Add component (AddParameter): Name = "Mechanical Life"; Value = "100000Cycles"; VariantName = "[No Variations]"
Add component (AddParameter): Name = "Min Operating Temperature"; Value = "-25°C"; VariantName = "[No Variations]"
Add component (AddParameter): Name = "Mount"; Value = "Through Hole"; VariantName = "[No Variations]"
Add component (AddParameter): Name = "Number of Poles"; Value = "1"; VariantName = "[No Variations]"
Add component (AddParameter): Name = "Operating Force"; Value = "2.55N"; VariantName = "[No Variations]"
Add component (AddParameter): Name = "Orientation"; Value = "Straight"; VariantName = "[No Variations]"
Add component (AddParameter): Name = "Package Quantity"; Value = "1500"; VariantName = "[No Variations]"
Add component (AddParameter): Name = "Packaging"; Value = "Bag"; VariantName = "[No Variations]"
Add component (AddParameter): Name = "Ratings"; Value = "IP00"; VariantName = "[No Variations]"
Add component (AddParameter): Name = "Series"; Value = "B3F"; VariantName = "[No Variations]"
Add component (AddParameter): Name = "Switch Function"; Value = "Off-Mom"; VariantName = "[No Variations]"
Add component (AddParameter): Name = "Switch Travel"; Value = "0.25mm"; VariantName = "[No Variations]"
Add component (AddParameter): Name = "Termination"; Value = "PC Pins"; VariantName = "[No Variations]"
Add component (AddParameter): Name = "Throw Configuration"; Value = "SPST"; VariantName = "[No Variations]"
Add component (AddParameter): Name = "Voltage Rating (DC)"; Value = "24V"; VariantName = "[No Variations]"
Add component (AddParameter): Name = "Weight"; Value = "0.25g"; VariantName = "[No Variations]"
Add component (AddParameter): Name = "Width"; Value = "6mm"; VariantName = "[No Variations]"
Added Component: Designator=SW4(FP-B3F-1005-MFG)
Add component (AddParameter): Name = "Actuator Color"; Value = "Orange"; VariantName = "[No Variations]"
Add component (AddParameter): Name = "Actuator Length"; Value = "0.9mm"; VariantName = "[No Variations]"
Add component (AddParameter): Name = "Actuator Type"; Value = "Standard"; VariantName = "[No Variations]"
Add component (AddParameter): Name = "Contact Current Rating"; Value = "50mA"; VariantName = "[No Variations]"
Add component (AddParameter): Name = "Contact Material"; Value = "Gold"; VariantName = "[No Variations]"
Add component (AddParameter): Name = "Contact Plating"; Value = "Silver"; VariantName = "[No Variations]"
Add component (AddParameter): Name = "Contact Resistance"; Value = "100mR"; VariantName = "[No Variations]"
Add component (AddParameter): Name = "Current Rating"; Value = "50mA"; VariantName = "[No Variations]"
Add component (AddParameter): Name = "Depth"; Value = "6mm"; VariantName = "[No Variations]"
Add component (AddParameter): Name = "Electrical Life"; Value = "300000Cycles"; VariantName = "[No Variations]"
Add component (AddParameter): Name = "Height"; Value = "4.3mm"; VariantName = "[No Variations]"
Add component (AddParameter): Name = "Illumination Type"; Value = "Non-Illuminated"; VariantName = "[No Variations]"
Add component (AddParameter): Name = "Lead Free"; Value = "Lead Free"; VariantName = "[No Variations]"
Add component (AddParameter): Name = "Length"; Value = "6mm"; VariantName = "[No Variations]"
Add component (AddParameter): Name = "Max Current Rating"; Value = "50mA"; VariantName = "[No Variations]"
Add component (AddParameter): Name = "Max Operating Temperature"; Value = "70°C"; VariantName = "[No Variations]"
Add component (AddParameter): Name = "Max Voltage Rating (DC)"; Value = "24V"; VariantName = "[No Variations]"
Add component (AddParameter): Name = "Mechanical Life"; Value = "100000Cycles"; VariantName = "[No Variations]"
Add component (AddParameter): Name = "Min Operating Temperature"; Value = "-25°C"; VariantName = "[No Variations]"
Add component (AddParameter): Name = "Mount"; Value = "Through Hole"; VariantName = "[No Variations]"
Add component (AddParameter): Name = "Number of Poles"; Value = "1"; VariantName = "[No Variations]"
Add component (AddParameter): Name = "Operating Force"; Value = "2.55N"; VariantName = "[No Variations]"
Add component (AddParameter): Name = "Orientation"; Value = "Straight"; VariantName = "[No Variations]"
Add component (AddParameter): Name = "Package Quantity"; Value = "1500"; VariantName = "[No Variations]"
Add component (AddParameter): Name = "Packaging"; Value = "Bag"; VariantName = "[No Variations]"
Add component (AddParameter): Name = "Ratings"; Value = "IP00"; VariantName = "[No Variations]"
Add component (AddParameter): Name = "Series"; Value = "B3F"; VariantName = "[No Variations]"
Add component (AddParameter): Name = "Switch Function"; Value = "Off-Mom"; VariantName = "[No Variations]"
Add component (AddParameter): Name = "Switch Travel"; Value = "0.25mm"; VariantName = "[No Variations]"
Add component (AddParameter): Name = "Termination"; Value = "PC Pins"; VariantName = "[No Variations]"
Add component (AddParameter): Name = "Throw Configuration"; Value = "SPST"; VariantName = "[No Variations]"
Add component (AddParameter): Name = "Voltage Rating (DC)"; Value = "24V"; VariantName = "[No Variations]"
Add component (AddParameter): Name = "Weight"; Value = "0.25g"; VariantName = "[No Variations]"
Add component (AddParameter): Name = "Width"; Value = "6mm"; VariantName = "[No Variations]"
Added Component: Designator=SW5(FP-B3F-1005-MFG)
Add component (AddParameter): Name = "Actuator Color"; Value = "Orange"; VariantName = "[No Variations]"
Add component (AddParameter): Name = "Actuator Length"; Value = "0.9mm"; VariantName = "[No Variations]"
Add component (AddParameter): Name = "Actuator Type"; Value = "Standard"; VariantName = "[No Variations]"
Add component (AddParameter): Name = "Contact Current Rating"; Value = "50mA"; VariantName = "[No Variations]"
Add component (AddParameter): Name = "Contact Material"; Value = "Gold"; VariantName = "[No Variations]"
Add component (AddParameter): Name = "Contact Plating"; Value = "Silver"; VariantName = "[No Variations]"
Add component (AddParameter): Name = "Contact Resistance"; Value = "100mR"; VariantName = "[No Variations]"
Add component (AddParameter): Name = "Current Rating"; Value = "50mA"; VariantName = "[No Variations]"
Add component (AddParameter): Name = "Depth"; Value = "6mm"; VariantName = "[No Variations]"
Add component (AddParameter): Name = "Electrical Life"; Value = "300000Cycles"; VariantName = "[No Variations]"
Add component (AddParameter): Name = "Height"; Value = "4.3mm"; VariantName = "[No Variations]"
Add component (AddParameter): Name = "Illumination Type"; Value = "Non-Illuminated"; VariantName = "[No Variations]"
Add component (AddParameter): Name = "Lead Free"; Value = "Lead Free"; VariantName = "[No Variations]"
Add component (AddParameter): Name = "Length"; Value = "6mm"; VariantName = "[No Variations]"
Add component (AddParameter): Name = "Max Current Rating"; Value = "50mA"; VariantName = "[No Variations]"
Add component (AddParameter): Name = "Max Operating Temperature"; Value = "70°C"; VariantName = "[No Variations]"
Add component (AddParameter): Name = "Max Voltage Rating (DC)"; Value = "24V"; VariantName = "[No Variations]"
Add component (AddParameter): Name = "Mechanical Life"; Value = "100000Cycles"; VariantName = "[No Variations]"
Add component (AddParameter): Name = "Min Operating Temperature"; Value = "-25°C"; VariantName = "[No Variations]"
Add component (AddParameter): Name = "Mount"; Value = "Through Hole"; VariantName = "[No Variations]"
Add component (AddParameter): Name = "Number of Poles"; Value = "1"; VariantName = "[No Variations]"
Add component (AddParameter): Name = "Operating Force"; Value = "2.55N"; VariantName = "[No Variations]"
Add component (AddParameter): Name = "Orientation"; Value = "Straight"; VariantName = "[No Variations]"
Add component (AddParameter): Name = "Package Quantity"; Value = "1500"; VariantName = "[No Variations]"
Add component (AddParameter): Name = "Packaging"; Value = "Bag"; VariantName = "[No Variations]"
Add component (AddParameter): Name = "Ratings"; Value = "IP00"; VariantName = "[No Variations]"
Add component (AddParameter): Name = "Series"; Value = "B3F"; VariantName = "[No Variations]"
Add component (AddParameter): Name = "Switch Function"; Value = "Off-Mom"; VariantName = "[No Variations]"
Add component (AddParameter): Name = "Switch Travel"; Value = "0.25mm"; VariantName = "[No Variations]"
Add component (AddParameter): Name = "Termination"; Value = "PC Pins"; VariantName = "[No Variations]"
Add component (AddParameter): Name = "Throw Configuration"; Value = "SPST"; VariantName = "[No Variations]"
Add component (AddParameter): Name = "Voltage Rating (DC)"; Value = "24V"; VariantName = "[No Variations]"
Add component (AddParameter): Name = "Weight"; Value = "0.25g"; VariantName = "[No Variations]"
Add component (AddParameter): Name = "Width"; Value = "6mm"; VariantName = "[No Variations]"
Added Component: Designator=SW6(FP-B3F-1005-MFG)
Add component (AddParameter): Name = "Actuator Color"; Value = "Orange"; VariantName = "[No Variations]"
Add component (AddParameter): Name = "Actuator Length"; Value = "0.9mm"; VariantName = "[No Variations]"
Add component (AddParameter): Name = "Actuator Type"; Value = "Standard"; VariantName = "[No Variations]"
Add component (AddParameter): Name = "Contact Current Rating"; Value = "50mA"; VariantName = "[No Variations]"
Add component (AddParameter): Name = "Contact Material"; Value = "Gold"; VariantName = "[No Variations]"
Add component (AddParameter): Name = "Contact Plating"; Value = "Silver"; VariantName = "[No Variations]"
Add component (AddParameter): Name = "Contact Resistance"; Value = "100mR"; VariantName = "[No Variations]"
Add component (AddParameter): Name = "Current Rating"; Value = "50mA"; VariantName = "[No Variations]"
Add component (AddParameter): Name = "Depth"; Value = "6mm"; VariantName = "[No Variations]"
Add component (AddParameter): Name = "Electrical Life"; Value = "300000Cycles"; VariantName = "[No Variations]"
Add component (AddParameter): Name = "Height"; Value = "4.3mm"; VariantName = "[No Variations]"
Add component (AddParameter): Name = "Illumination Type"; Value = "Non-Illuminated"; VariantName = "[No Variations]"
Add component (AddParameter): Name = "Lead Free"; Value = "Lead Free"; VariantName = "[No Variations]"
Add component (AddParameter): Name = "Length"; Value = "6mm"; VariantName = "[No Variations]"
Add component (AddParameter): Name = "Max Current Rating"; Value = "50mA"; VariantName = "[No Variations]"
Add component (AddParameter): Name = "Max Operating Temperature"; Value = "70°C"; VariantName = "[No Variations]"
Add component (AddParameter): Name = "Max Voltage Rating (DC)"; Value = "24V"; VariantName = "[No Variations]"
Add component (AddParameter): Name = "Mechanical Life"; Value = "100000Cycles"; VariantName = "[No Variations]"
Add component (AddParameter): Name = "Min Operating Temperature"; Value = "-25°C"; VariantName = "[No Variations]"
Add component (AddParameter): Name = "Mount"; Value = "Through Hole"; VariantName = "[No Variations]"
Add component (AddParameter): Name = "Number of Poles"; Value = "1"; VariantName = "[No Variations]"
Add component (AddParameter): Name = "Operating Force"; Value = "2.55N"; VariantName = "[No Variations]"
Add component (AddParameter): Name = "Orientation"; Value = "Straight"; VariantName = "[No Variations]"
Add component (AddParameter): Name = "Package Quantity"; Value = "1500"; VariantName = "[No Variations]"
Add component (AddParameter): Name = "Packaging"; Value = "Bag"; VariantName = "[No Variations]"
Add component (AddParameter): Name = "Ratings"; Value = "IP00"; VariantName = "[No Variations]"
Add component (AddParameter): Name = "Series"; Value = "B3F"; VariantName = "[No Variations]"
Add component (AddParameter): Name = "Switch Function"; Value = "Off-Mom"; VariantName = "[No Variations]"
Add component (AddParameter): Name = "Switch Travel"; Value = "0.25mm"; VariantName = "[No Variations]"
Add component (AddParameter): Name = "Termination"; Value = "PC Pins"; VariantName = "[No Variations]"
Add component (AddParameter): Name = "Throw Configuration"; Value = "SPST"; VariantName = "[No Variations]"
Add component (AddParameter): Name = "Voltage Rating (DC)"; Value = "24V"; VariantName = "[No Variations]"
Add component (AddParameter): Name = "Weight"; Value = "0.25g"; VariantName = "[No Variations]"
Add component (AddParameter): Name = "Width"; Value = "6mm"; VariantName = "[No Variations]"
Added Component: Designator=SW7(FP-B3F-1005-MFG)
Add component (AddParameter): Name = "Actuator Color"; Value = "Orange"; VariantName = "[No Variations]"
Add component (AddParameter): Name = "Actuator Length"; Value = "0.9mm"; VariantName = "[No Variations]"
Add component (AddParameter): Name = "Actuator Type"; Value = "Standard"; VariantName = "[No Variations]"
Add component (AddParameter): Name = "Contact Current Rating"; Value = "50mA"; VariantName = "[No Variations]"
Add component (AddParameter): Name = "Contact Material"; Value = "Gold"; VariantName = "[No Variations]"
Add component (AddParameter): Name = "Contact Plating"; Value = "Silver"; VariantName = "[No Variations]"
Add component (AddParameter): Name = "Contact Resistance"; Value = "100mR"; VariantName = "[No Variations]"
Add component (AddParameter): Name = "Current Rating"; Value = "50mA"; VariantName = "[No Variations]"
Add component (AddParameter): Name = "Depth"; Value = "6mm"; VariantName = "[No Variations]"
Add component (AddParameter): Name = "Electrical Life"; Value = "300000Cycles"; VariantName = "[No Variations]"
Add component (AddParameter): Name = "Height"; Value = "4.3mm"; VariantName = "[No Variations]"
Add component (AddParameter): Name = "Illumination Type"; Value = "Non-Illuminated"; VariantName = "[No Variations]"
Add component (AddParameter): Name = "Lead Free"; Value = "Lead Free"; VariantName = "[No Variations]"
Add component (AddParameter): Name = "Length"; Value = "6mm"; VariantName = "[No Variations]"
Add component (AddParameter): Name = "Max Current Rating"; Value = "50mA"; VariantName = "[No Variations]"
Add component (AddParameter): Name = "Max Operating Temperature"; Value = "70°C"; VariantName = "[No Variations]"
Add component (AddParameter): Name = "Max Voltage Rating (DC)"; Value = "24V"; VariantName = "[No Variations]"
Add component (AddParameter): Name = "Mechanical Life"; Value = "100000Cycles"; VariantName = "[No Variations]"
Add component (AddParameter): Name = "Min Operating Temperature"; Value = "-25°C"; VariantName = "[No Variations]"
Add component (AddParameter): Name = "Mount"; Value = "Through Hole"; VariantName = "[No Variations]"
Add component (AddParameter): Name = "Number of Poles"; Value = "1"; VariantName = "[No Variations]"
Add component (AddParameter): Name = "Operating Force"; Value = "2.55N"; VariantName = "[No Variations]"
Add component (AddParameter): Name = "Orientation"; Value = "Straight"; VariantName = "[No Variations]"
Add component (AddParameter): Name = "Package Quantity"; Value = "1500"; VariantName = "[No Variations]"
Add component (AddParameter): Name = "Packaging"; Value = "Bag"; VariantName = "[No Variations]"
Add component (AddParameter): Name = "Ratings"; Value = "IP00"; VariantName = "[No Variations]"
Add component (AddParameter): Name = "Series"; Value = "B3F"; VariantName = "[No Variations]"
Add component (AddParameter): Name = "Switch Function"; Value = "Off-Mom"; VariantName = "[No Variations]"
Add component (AddParameter): Name = "Switch Travel"; Value = "0.25mm"; VariantName = "[No Variations]"
Add component (AddParameter): Name = "Termination"; Value = "PC Pins"; VariantName = "[No Variations]"
Add component (AddParameter): Name = "Throw Configuration"; Value = "SPST"; VariantName = "[No Variations]"
Add component (AddParameter): Name = "Voltage Rating (DC)"; Value = "24V"; VariantName = "[No Variations]"
Add component (AddParameter): Name = "Weight"; Value = "0.25g"; VariantName = "[No Variations]"
Add component (AddParameter): Name = "Width"; Value = "6mm"; VariantName = "[No Variations]"
Added Component: Designator=U1(MODULE_LCD-16X2)
Add component (AddParameter): Name = "Availability"; Value = "Not in stock"; VariantName = "[No Variations]"
Add component (AddParameter): Name = "Check_prices"; Value = "https://www.snapeda.com/parts/LCD-16X2/Gravitech/view-part/?ref=eda"; VariantName = "[No Variations]"
Add component (AddParameter): Name = "Manufacturer"; Value = ""; VariantName = "[No Variations]"
Add component (AddParameter): Name = "MF"; Value = "Gravitech"; VariantName = "[No Variations]"
Add component (AddParameter): Name = "Mfr.Part"; Value = ""; VariantName = "[No Variations]"
Add component (AddParameter): Name = "MP"; Value = "LCD-16X2"; VariantName = "[No Variations]"
Add component (AddParameter): Name = "Package"; Value = "None"; VariantName = "[No Variations]"
Add component (AddParameter): Name = "Price"; Value = "None"; VariantName = "[No Variations]"
Add component (AddParameter): Name = "SnapEDA_Link"; Value = "https://www.snapeda.com/parts/LCD-16X2/Gravitech/view-part/?ref=snap"; VariantName = "[No Variations]"
Add component (AddParameter): Name = "Supplier"; Value = ""; VariantName = "[No Variations]"
Add component (AddParameter): Name = "Supplier.Part"; Value = ""; VariantName = "[No Variations]"
Add component (AddParameter): Name = "Value"; Value = ""; VariantName = "[No Variations]"
Added Component: Designator=U2(SO-16_L10.3-W7.5-P1.27-LS10.3-BL)
Add component (AddParameter): Name = "Contributor"; Value = "lcsc"; VariantName = "[No Variations]"
Add component (AddParameter): Name = "JLCPCB Part Class"; Value = "Extended Part"; VariantName = "[No Variations]"
Add component (AddParameter): Name = "Manufacturer"; Value = "HGSEMI(??)"; VariantName = "[No Variations]"
Add component (AddParameter): Name = "Manufacturer Part"; Value = "PCF8574T/TR"; VariantName = "[No Variations]"
Add component (AddParameter): Name = "Mfr.Part"; Value = "PCF8574T/TR"; VariantName = "[No Variations]"
Add component (AddParameter): Name = "spicePre"; Value = "U"; VariantName = "[No Variations]"
Add component (AddParameter): Name = "spiceSymbolName"; Value = "PCF8574T/TR"; VariantName = "[No Variations]"
Add component (AddParameter): Name = "Supplier"; Value = "LCSC"; VariantName = "[No Variations]"
Add component (AddParameter): Name = "Supplier Part"; Value = "C2987288"; VariantName = "[No Variations]"
Add component (AddParameter): Name = "Supplier.Part"; Value = "C2987288"; VariantName = "[No Variations]"
Added Component: Designator=U3(FP-PW0014A-IPC_B)
Add component (AddParameter): Name = "Case/Package"; Value = "TSSOP"; VariantName = "[No Variations]"
Add component (AddParameter): Name = "Contact Plating"; Value = "Gold"; VariantName = "[No Variations]"
Add component (AddParameter): Name = "Height"; Value = "1.15mm"; VariantName = "[No Variations]"
Add component (AddParameter): Name = "High Level Output Current"; Value = "-24mA"; VariantName = "[No Variations]"
Add component (AddParameter): Name = "LCSC PART NUMBER"; Value = ""; VariantName = "[No Variations]"
Add component (AddParameter): Name = "Lead Free"; Value = "Lead Free"; VariantName = "[No Variations]"
Add component (AddParameter): Name = "Length"; Value = "5mm"; VariantName = "[No Variations]"
Add component (AddParameter): Name = "Logic Function"; Value = "Buffer"; VariantName = "[No Variations]"
Add component (AddParameter): Name = "Low Level Output Current"; Value = "24mA"; VariantName = "[No Variations]"
Add component (AddParameter): Name = "MANUF_REF"; Value = ""; VariantName = "[No Variations]"
Add component (AddParameter): Name = "Manufacturer"; Value = "Texas Instruments"; VariantName = "[No Variations]"
Add component (AddParameter): Name = "Max Operating Temperature"; Value = "125°C"; VariantName = "[No Variations]"
Add component (AddParameter): Name = "Max Power Dissipation"; Value = "500mW"; VariantName = "[No Variations]"
Add component (AddParameter): Name = "Max Supply Voltage"; Value = "3.6V"; VariantName = "[No Variations]"
Add component (AddParameter): Name = "Mfr.Part"; Value = "SN74LVC125APWR"; VariantName = "[No Variations]"
Add component (AddParameter): Name = "Min Operating Temperature"; Value = "-40°C"; VariantName = "[No Variations]"
Add component (AddParameter): Name = "Min Supply Voltage"; Value = "1.65V"; VariantName = "[No Variations]"
Add component (AddParameter): Name = "Mount"; Value = "Surface Mount"; VariantName = "[No Variations]"
Add component (AddParameter): Name = "Number of Bits"; Value = "4"; VariantName = "[No Variations]"
Add component (AddParameter): Name = "Number of Bits per Element"; Value = "1"; VariantName = "[No Variations]"
Add component (AddParameter): Name = "Number of Channels"; Value = "4"; VariantName = "[No Variations]"
Add component (AddParameter): Name = "Number of Circuits"; Value = "4"; VariantName = "[No Variations]"
Add component (AddParameter): Name = "Number of Elements"; Value = "4"; VariantName = "[No Variations]"
Add component (AddParameter): Name = "Number of Gates"; Value = "4"; VariantName = "[No Variations]"
Add component (AddParameter): Name = "Number of Input Lines"; Value = "4"; VariantName = "[No Variations]"
Add component (AddParameter): Name = "Number of Inputs"; Value = "4"; VariantName = "[No Variations]"
Add component (AddParameter): Name = "Number of Output Lines"; Value = "3"; VariantName = "[No Variations]"
Add component (AddParameter): Name = "Number of Outputs"; Value = "4"; VariantName = "[No Variations]"
Add component (AddParameter): Name = "Number of Pins"; Value = "14"; VariantName = "[No Variations]"
Add component (AddParameter): Name = "Package Quantity"; Value = "1"; VariantName = "[No Variations]"
Add component (AddParameter): Name = "Packaging"; Value = "Tape and Reel"; VariantName = "[No Variations]"
Add component (AddParameter): Name = "Polarity"; Value = "Non-Inverting"; VariantName = "[No Variations]"
Add component (AddParameter): Name = "Propagation Delay"; Value = "4.6ns"; VariantName = "[No Variations]"
Add component (AddParameter): Name = "Quiescent Current"; Value = "1uA"; VariantName = "[No Variations]"
Add component (AddParameter): Name = "Radiation Hardening"; Value = "No"; VariantName = "[No Variations]"
Add component (AddParameter): Name = "REACH SVHC"; Value = "No SVHC"; VariantName = "[No Variations]"
Add component (AddParameter): Name = "Supplier"; Value = "LCSC"; VariantName = "[No Variations]"
Add component (AddParameter): Name = "Supplier.Part"; Value = "C7813"; VariantName = "[No Variations]"
Add component (AddParameter): Name = "Termination"; Value = "SMD/SMT"; VariantName = "[No Variations]"
Add component (AddParameter): Name = "Turn-On Delay Time"; Value = "5.3ns"; VariantName = "[No Variations]"
Add component (AddParameter): Name = "Width"; Value = "4.4mm"; VariantName = "[No Variations]"
Added Pin To Net: NetName=+3V3 Pin=C3-1
Added Pin To Net: NetName=+3V3 Pin=C5-2
Added Pin To Net: NetName=+3V3 Pin=CARD1-4
Added Pin To Net: NetName=+3V3 Pin=CS6-1
Added Pin To Net: NetName=+3V3 Pin=EXP2-1
Added Pin To Net: NetName=+3V3 Pin=R8-2
Added Pin To Net: NetName=+3V3 Pin=U3-14
Added Net: Name=+3V3
Added Pin To Net: NetName=+5 Pin=C4-1
Added Pin To Net: NetName=+5 Pin=CS2-2
Added Pin To Net: NetName=+5 Pin=CS4-1
Added Pin To Net: NetName=+5 Pin=CS7-1
Added Pin To Net: NetName=+5 Pin=D1-1
Added Pin To Net: NetName=+5 Pin=EXP1-1
Added Pin To Net: NetName=+5 Pin=R4-3
Added Pin To Net: NetName=+5 Pin=R10-2
Added Pin To Net: NetName=+5 Pin=R11-2
Added Pin To Net: NetName=+5 Pin=R12-2
Added Pin To Net: NetName=+5 Pin=R14-2
Added Pin To Net: NetName=+5 Pin=R15-2
Added Pin To Net: NetName=+5 Pin=R19-1
Added Pin To Net: NetName=+5 Pin=U1-2
Added Pin To Net: NetName=+5 Pin=U2-16
Added Net: Name=+5
Added Pin To Net: NetName=+V_Button Pin=CS6-2
Added Pin To Net: NetName=+V_Button Pin=CS7-2
Added Pin To Net: NetName=+V_Button Pin=R1-2
Added Pin To Net: NetName=+V_Button Pin=R2-2
Added Pin To Net: NetName=+V_Button Pin=R7-2
Added Pin To Net: NetName=+V_Button Pin=R9-2
Added Pin To Net: NetName=+V_Button Pin=R13-2
Added Pin To Net: NetName=+V_Button Pin=R16-2
Added Pin To Net: NetName=+V_Button Pin=R22-2
Added Net: Name=+V_Button
Added Pin To Net: NetName=CLK Pin=EXP2-3
Added Pin To Net: NetName=CLK Pin=R18-2
Added Net: Name=CLK
Added Pin To Net: NetName=CS Pin=EXP2-6
Added Pin To Net: NetName=CS Pin=R20-2
Added Net: Name=CS
Added Pin To Net: NetName=DB4 Pin=U1-11
Added Pin To Net: NetName=DB4 Pin=U2-9
Added Net: Name=DB4
Added Pin To Net: NetName=DB5 Pin=U1-12
Added Pin To Net: NetName=DB5 Pin=U2-10
Added Net: Name=DB5
Added Pin To Net: NetName=DB6 Pin=U1-13
Added Pin To Net: NetName=DB6 Pin=U2-11
Added Net: Name=DB6
Added Pin To Net: NetName=DB7 Pin=U1-14
Added Pin To Net: NetName=DB7 Pin=U2-12
Added Net: Name=DB7
Added Pin To Net: NetName=E Pin=U1-6
Added Pin To Net: NetName=E Pin=U2-6
Added Net: Name=E
Added Pin To Net: NetName=GND Pin=C3-2
Added Pin To Net: NetName=GND Pin=C4-2
Added Pin To Net: NetName=GND Pin=C5-1
Added Pin To Net: NetName=GND Pin=CARD1-6
Added Pin To Net: NetName=GND Pin=CARD1-10
Added Pin To Net: NetName=GND Pin=CARD1-11
Added Pin To Net: NetName=GND Pin=CARD1-12
Added Pin To Net: NetName=GND Pin=CARD1-13
Added Pin To Net: NetName=GND Pin=CS5-1
Added Pin To Net: NetName=GND Pin=CS8-1
Added Pin To Net: NetName=GND Pin=CS9-1
Added Pin To Net: NetName=GND Pin=CS10-1
Added Pin To Net: NetName=GND Pin=EXP1-9
Added Pin To Net: NetName=GND Pin=EXP2-10
Added Pin To Net: NetName=GND Pin=Q1-2
Added Pin To Net: NetName=GND Pin=R3-1
Added Pin To Net: NetName=GND Pin=R4-1
Added Pin To Net: NetName=GND Pin=SW1-C
Added Pin To Net: NetName=GND Pin=SW1-E
Added Pin To Net: NetName=GND Pin=SW2-C
Added Pin To Net: NetName=GND Pin=SW2-E
Added Pin To Net: NetName=GND Pin=SW3-4
Added Pin To Net: NetName=GND Pin=SW4-1
Added Pin To Net: NetName=GND Pin=SW5-1
Added Pin To Net: NetName=GND Pin=SW6-1
Added Pin To Net: NetName=GND Pin=SW7-1
Added Pin To Net: NetName=GND Pin=U1-1
Added Pin To Net: NetName=GND Pin=U2-8
Added Pin To Net: NetName=GND Pin=U3-1
Added Pin To Net: NetName=GND Pin=U3-4
Added Pin To Net: NetName=GND Pin=U3-7
Added Pin To Net: NetName=GND Pin=U3-10
Added Pin To Net: NetName=GND Pin=U3-13
Added Net: Name=GND
Added Pin To Net: NetName=K Pin=Q1-3
Added Pin To Net: NetName=K Pin=U1-16
Added Net: Name=K
Added Pin To Net: NetName=LED Pin=CS2-1
Added Pin To Net: NetName=LED Pin=U1-15
Added Net: Name=LED
Added Pin To Net: NetName=MISO Pin=EXP2-7
Added Pin To Net: NetName=MISO Pin=U3-11
Added Net: Name=MISO
Added Pin To Net: NetName=MOSI Pin=EXP2-5
Added Pin To Net: NetName=MOSI Pin=R17-2
Added Net: Name=MOSI
Added Pin To Net: NetName=NetCS8_2 Pin=CS8-2
Added Pin To Net: NetName=NetCS8_2 Pin=R10-1
Added Pin To Net: NetName=NetCS8_2 Pin=U2-1
Added Net: Name=NetCS8_2
Added Pin To Net: NetName=NetCS9_2 Pin=CS9-2
Added Pin To Net: NetName=NetCS9_2 Pin=R12-1
Added Pin To Net: NetName=NetCS9_2 Pin=U2-2
Added Net: Name=NetCS9_2
Added Pin To Net: NetName=NetCS10_2 Pin=CS10-2
Added Pin To Net: NetName=NetCS10_2 Pin=R15-1
Added Pin To Net: NetName=NetCS10_2 Pin=U2-3
Added Net: Name=NetCS10_2
Added Pin To Net: NetName=NetD1_2 Pin=D1-2
Added Pin To Net: NetName=NetD1_2 Pin=R3-2
Added Net: Name=NetD1_2
Added Pin To Net: NetName=NetQ1_1 Pin=Q1-1
Added Pin To Net: NetName=NetQ1_1 Pin=R19-2
Added Pin To Net: NetName=NetQ1_1 Pin=U2-7
Added Net: Name=NetQ1_1
Added Pin To Net: NetName=NetR4_2 Pin=R4-2
Added Pin To Net: NetName=NetR4_2 Pin=U1-3
Added Net: Name=NetR4_2
Added Pin To Net: NetName=NetR7_1 Pin=R7-1
Added Pin To Net: NetName=NetR7_1 Pin=SW3-2
Added Net: Name=NetR7_1
Added Pin To Net: NetName=NetR9_1 Pin=R9-1
Added Pin To Net: NetName=NetR9_1 Pin=SW4-3
Added Net: Name=NetR9_1
Added Pin To Net: NetName=NetR13_1 Pin=R13-1
Added Pin To Net: NetName=NetR13_1 Pin=SW5-3
Added Net: Name=NetR13_1
Added Pin To Net: NetName=NetR16_1 Pin=R16-1
Added Pin To Net: NetName=NetR16_1 Pin=SW6-3
Added Net: Name=NetR16_1
Added Pin To Net: NetName=NetR17_1 Pin=R17-1
Added Pin To Net: NetName=NetR17_1 Pin=U3-2
Added Net: Name=NetR17_1
Added Pin To Net: NetName=NetR18_1 Pin=R18-1
Added Pin To Net: NetName=NetR18_1 Pin=U3-5
Added Net: Name=NetR18_1
Added Pin To Net: NetName=NetR20_1 Pin=R20-1
Added Pin To Net: NetName=NetR20_1 Pin=U3-9
Added Net: Name=NetR20_1
Added Pin To Net: NetName=NetR21_1 Pin=R21-1
Added Pin To Net: NetName=NetR21_1 Pin=U3-12
Added Net: Name=NetR21_1
Added Pin To Net: NetName=NetR22_1 Pin=R22-1
Added Pin To Net: NetName=NetR22_1 Pin=SW7-3
Added Net: Name=NetR22_1
Added Pin To Net: NetName=NetU1_7 Pin=U1-7
Added Net: Name=NetU1_7
Added Pin To Net: NetName=NetU1_8 Pin=U1-8
Added Net: Name=NetU1_8
Added Pin To Net: NetName=NetU1_9 Pin=U1-9
Added Net: Name=NetU1_9
Added Pin To Net: NetName=NetU1_10 Pin=U1-10
Added Net: Name=NetU1_10
Added Pin To Net: NetName=OUT_A_1 Pin=EXP1-3
Added Pin To Net: NetName=OUT_A_1 Pin=SW1-A
Added Net: Name=OUT_A_1
Added Pin To Net: NetName=OUT_A_2 Pin=EXP1-6
Added Pin To Net: NetName=OUT_A_2 Pin=SW2-A
Added Net: Name=OUT_A_2
Added Pin To Net: NetName=OUT_B_1 Pin=EXP1-5
Added Pin To Net: NetName=OUT_B_1 Pin=SW1-B
Added Net: Name=OUT_B_1
Added Pin To Net: NetName=OUT_B_2 Pin=EXP1-8
Added Pin To Net: NetName=OUT_B_2 Pin=SW2-B
Added Net: Name=OUT_B_2
Added Pin To Net: NetName=R1_1 Pin=C1-1
Added Pin To Net: NetName=R1_1 Pin=EXP3-2
Added Pin To Net: NetName=R1_1 Pin=R5-3
Added Net: Name=R1_1
Added Pin To Net: NetName=R1_2 Pin=C1-2
Added Pin To Net: NetName=R1_2 Pin=EXP3-4
Added Pin To Net: NetName=R1_2 Pin=R5-2
Added Net: Name=R1_2
Added Pin To Net: NetName=R1_3 Pin=C1-3
Added Pin To Net: NetName=R1_3 Pin=EXP3-6
Added Pin To Net: NetName=R1_3 Pin=R5-1
Added Net: Name=R1_3
Added Pin To Net: NetName=R2_1 Pin=C2-1
Added Pin To Net: NetName=R2_1 Pin=EXP3-1
Added Pin To Net: NetName=R2_1 Pin=R6-3
Added Net: Name=R2_1
Added Pin To Net: NetName=R2_2 Pin=C2-2
Added Pin To Net: NetName=R2_2 Pin=EXP3-3
Added Pin To Net: NetName=R2_2 Pin=R6-2
Added Net: Name=R2_2
Added Pin To Net: NetName=R2_3 Pin=C2-3
Added Pin To Net: NetName=R2_3 Pin=EXP3-5
Added Pin To Net: NetName=R2_3 Pin=R6-1
Added Net: Name=R2_3
Added Pin To Net: NetName=R/W Pin=U1-5
Added Pin To Net: NetName=R/W Pin=U2-5
Added Net: Name=R/W
Added Pin To Net: NetName=RESET Pin=EXP2-9
Added Pin To Net: NetName=RESET Pin=SW7-4
Added Net: Name=RESET
Added Pin To Net: NetName=RS Pin=U1-4
Added Pin To Net: NetName=RS Pin=U2-4
Added Net: Name=RS
Added Pin To Net: NetName=SCL Pin=CS1-1
Added Pin To Net: NetName=SCL Pin=EXP1-2
Added Pin To Net: NetName=SCL Pin=EXP2-2
Added Pin To Net: NetName=SCL Pin=R14-1
Added Pin To Net: NetName=SCL Pin=U2-14
Added Net: Name=SCL
Added Pin To Net: NetName=SD_CARD_Detection Pin=CARD1-9
Added Pin To Net: NetName=SD_CARD_Detection Pin=EXP2-8
Added Pin To Net: NetName=SD_CARD_Detection Pin=R8-1
Added Net: Name=SD_CARD_Detection
Added Pin To Net: NetName=SD_CLK Pin=CARD1-5
Added Pin To Net: NetName=SD_CLK Pin=U3-6
Added Net: Name=SD_CLK
Added Pin To Net: NetName=SD_CMD Pin=CARD1-3
Added Pin To Net: NetName=SD_CMD Pin=U3-3
Added Net: Name=SD_CMD
Added Pin To Net: NetName=SD_DATA0 Pin=CARD1-7
Added Pin To Net: NetName=SD_DATA0 Pin=R21-2
Added Net: Name=SD_DATA0
Added Pin To Net: NetName=SD_DATA3 Pin=CARD1-2
Added Pin To Net: NetName=SD_DATA3 Pin=U3-8
Added Net: Name=SD_DATA3
Added Pin To Net: NetName=SDA Pin=CS3-1
Added Pin To Net: NetName=SDA Pin=EXP1-4
Added Pin To Net: NetName=SDA Pin=EXP2-4
Added Pin To Net: NetName=SDA Pin=R11-1
Added Pin To Net: NetName=SDA Pin=U2-15
Added Net: Name=SDA
Added Pin To Net: NetName=SW_1 Pin=EXP1-7
Added Pin To Net: NetName=SW_1 Pin=R1-1
Added Pin To Net: NetName=SW_1 Pin=SW1-D
Added Net: Name=SW_1
Added Pin To Net: NetName=SW_2 Pin=EXP1-10
Added Pin To Net: NetName=SW_2 Pin=R2-1
Added Pin To Net: NetName=SW_2 Pin=SW2-D
Added Net: Name=SW_2
Added Pin To Net: NetName=SW_3 Pin=EXP3-7
Added Pin To Net: NetName=SW_3 Pin=SW3-1
Added Net: Name=SW_3
Added Pin To Net: NetName=SW_4 Pin=EXP3-8
Added Pin To Net: NetName=SW_4 Pin=SW4-4
Added Net: Name=SW_4
Added Pin To Net: NetName=SW_5 Pin=EXP3-9
Added Pin To Net: NetName=SW_5 Pin=SW5-4
Added Net: Name=SW_5
Added Pin To Net: NetName=SW_6 Pin=EXP3-10
Added Pin To Net: NetName=SW_6 Pin=SW6-4
Added Net: Name=SW_6
Added Class: Name=LCD Controler SCH
Added Room: Name=LCD Controler SCH
