Change component parameters: Designator = "C3" ("C3"); Footprint = "Cap 1608-0603"; UniqueID = "\IEBIEMKG" ("\IEBIEMKG")
Change component parameters (AddParameter): Name = "LCSC PART NUMBER"; Value = "C138340"; VariantName = "[No Variations]"
Change component parameters (AddParameter): Name = "MANUF_REF"; Value = "CT41G-0805-2X1-50V-0.1µF-M(N)"; VariantName = "[No Variations]"
Change component parameters (AddParameter): Name = "Manufacturer"; Value = "TORCH"; VariantName = "[No Variations]"
Change component parameters (AddParameter): Name = "Mfr"; Value = "TORCH"; VariantName = "[No Variations]"
Change component parameters (AddParameter): Name = "Mfr.Part"; Value = "CT41G-0805-2X1-50V-0.1µF-M(N)"; VariantName = "[No Variations]"
Change component parameters (AddParameter): Name = "Mfr.Ref"; Value = "CT41G-0805-2X1-50V-0.1µF-M(N)"; VariantName = "[No Variations]"
Change component parameters (AddParameter): Name = "Revision"; Value = "July-2002: Re-released for DXP Platform."; VariantName = "[No Variations]"
Change component parameters (AddParameter): Name = "Supplier"; Value = "LCSC"; VariantName = "[No Variations]"
Change component parameters (AddParameter): Name = "Supplier.Part"; Value = "C138340"; VariantName = "[No Variations]"
Change component parameters (AddParameter): Name = "Supplier.Ref"; Value = "C138340"; VariantName = "[No Variations]"
Change component parameters: Designator = "C4" ("C4"); Footprint = "Cap 1608-0603"; UniqueID = "\YSLEZTHB" ("\YSLEZTHB")
Change component parameters (AddParameter): Name = "LCSC PART NUMBER"; Value = "C138340"; VariantName = "[No Variations]"
Change component parameters (AddParameter): Name = "MANUF_REF"; Value = "CT41G-0805-2X1-50V-0.1µF-M(N)"; VariantName = "[No Variations]"
Change component parameters (AddParameter): Name = "Manufacturer"; Value = "TORCH"; VariantName = "[No Variations]"
Change component parameters (AddParameter): Name = "Mfr"; Value = "TORCH"; VariantName = "[No Variations]"
Change component parameters (AddParameter): Name = "Mfr.Part"; Value = "CT41G-0805-2X1-50V-0.1µF-M(N)"; VariantName = "[No Variations]"
Change component parameters (AddParameter): Name = "Mfr.Ref"; Value = "CT41G-0805-2X1-50V-0.1µF-M(N)"; VariantName = "[No Variations]"
Change component parameters (AddParameter): Name = "Revision"; Value = "July-2002: Re-released for DXP Platform."; VariantName = "[No Variations]"
Change component parameters (AddParameter): Name = "Supplier"; Value = "LCSC"; VariantName = "[No Variations]"
Change component parameters (AddParameter): Name = "Supplier.Part"; Value = "C138340"; VariantName = "[No Variations]"
Change component parameters (AddParameter): Name = "Supplier.Ref"; Value = "C138340"; VariantName = "[No Variations]"
Change component parameters: Designator = "C5" ("C5"); Footprint = "Cap 1608-0603"; UniqueID = "\JVQTOGSU" ("\JVQTOGSU")
Change component parameters (AddParameter): Name = "LCSC PART NUMBER"; Value = "C138340"; VariantName = "[No Variations]"
Change component parameters (AddParameter): Name = "MANUF_REF"; Value = "CT41G-0805-2X1-50V-0.1µF-M(N)"; VariantName = "[No Variations]"
Change component parameters (AddParameter): Name = "Manufacturer"; Value = "TORCH"; VariantName = "[No Variations]"
Change component parameters (AddParameter): Name = "Mfr"; Value = "TORCH"; VariantName = "[No Variations]"
Change component parameters (AddParameter): Name = "Mfr.Part"; Value = "CT41G-0805-2X1-50V-0.1µF-M(N)"; VariantName = "[No Variations]"
Change component parameters (AddParameter): Name = "Mfr.Ref"; Value = "CT41G-0805-2X1-50V-0.1µF-M(N)"; VariantName = "[No Variations]"
Change component parameters (AddParameter): Name = "Revision"; Value = "July-2002: Re-released for DXP Platform."; VariantName = "[No Variations]"
Change component parameters (AddParameter): Name = "Supplier"; Value = "LCSC"; VariantName = "[No Variations]"
Change component parameters (AddParameter): Name = "Supplier.Part"; Value = "C138340"; VariantName = "[No Variations]"
Change component parameters (AddParameter): Name = "Supplier.Ref"; Value = "C138340"; VariantName = "[No Variations]"
Change component parameters: Designator = "R5" ("R5"); Footprint = "RES-ADJ-TH_RK09L1140A5P"; UniqueID = "\TQFPNJHK" ("\TQFPNJHK")
Change component parameters (AddParameter): Name = "Contributor"; Value = "LCSC"; VariantName = "[No Variations]"
Change component parameters (AddParameter): Name = "JLCPCB Part Class"; Value = "Extended Part"; VariantName = "[No Variations]"
Change component parameters (AddParameter): Name = "Manufacturer"; Value = "ALPSALPINE(???????)"; VariantName = "[No Variations]"
Change component parameters (AddParameter): Name = "Manufacturer Part"; Value = "RK09L1140A5P"; VariantName = "[No Variations]"
Change component parameters (AddParameter): Name = "Mfr.Part"; Value = "RK09L1140A5P"; VariantName = "[No Variations]"
Change component parameters (AddParameter): Name = "nameAlias"; Value = "Value"; VariantName = "[No Variations]"
Change component parameters (AddParameter): Name = "spicePre"; Value = "R"; VariantName = "[No Variations]"
Change component parameters (AddParameter): Name = "spiceSymbolName"; Value = "RK09L1140A5P"; VariantName = "[No Variations]"
Change component parameters (AddParameter): Name = "Supplier"; Value = ""; VariantName = "[No Variations]"
Change component parameters (AddParameter): Name = "Supplier Part"; Value = "C231764"; VariantName = "[No Variations]"
Change component parameters (AddParameter): Name = "Supplier.Part"; Value = "C231764"; VariantName = "[No Variations]"
Change component parameters: Designator = "R6" ("R6"); Footprint = "RES-ADJ-TH_RK09L1140A5P"; UniqueID = "\TYEWGECN" ("\TYEWGECN")
Change component parameters (AddParameter): Name = "Contributor"; Value = "LCSC"; VariantName = "[No Variations]"
Change component parameters (AddParameter): Name = "JLCPCB Part Class"; Value = "Extended Part"; VariantName = "[No Variations]"
Change component parameters (AddParameter): Name = "Manufacturer"; Value = "ALPSALPINE(???????)"; VariantName = "[No Variations]"
Change component parameters (AddParameter): Name = "Manufacturer Part"; Value = "RK09L1140A5P"; VariantName = "[No Variations]"
Change component parameters (AddParameter): Name = "Mfr.Part"; Value = "RK09L1140A5P"; VariantName = "[No Variations]"
Change component parameters (AddParameter): Name = "nameAlias"; Value = "Value"; VariantName = "[No Variations]"
Change component parameters (AddParameter): Name = "spicePre"; Value = "R"; VariantName = "[No Variations]"
Change component parameters (AddParameter): Name = "spiceSymbolName"; Value = "RK09L1140A5P"; VariantName = "[No Variations]"
Change component parameters (AddParameter): Name = "Supplier"; Value = ""; VariantName = "[No Variations]"
Change component parameters (AddParameter): Name = "Supplier Part"; Value = "C231764"; VariantName = "[No Variations]"
Change component parameters (AddParameter): Name = "Supplier.Part"; Value = "C231764"; VariantName = "[No Variations]"
