Change component parameters: Designator = "C3" ("C3"); Footprint = "Cap 1608-0603"; UniqueID = "\IEBIEMKG" ("\IEBIEMKG")
Change component parameters (AddParameter): Name = "LCSC PART NUMBER"; Value = "C138340"; VariantName = "[No Variations]"
Change component parameters (AddParameter): Name = "MANUF_REF"; Value = "CT41G-0805-2X1-50V-0.1µF-M(N)"; VariantName = "[No Variations]"
Change component parameters (AddParameter): Name = "Manufacturer"; Value = "TORCH"; VariantName = "[No Variations]"
Change component parameters (AddParameter): Name = "Mfr"; Value = "TORCH"; VariantName = "[No Variations]"
Change component parameters (AddParameter): Name = "Mfr.Part"; Value = "CT41G-0805-2X1-50V-0.1µF-M(N)"; VariantName = "[No Variations]"
Change component parameters (AddParameter): Name = "Mfr.Ref"; Value = "CT41G-0805-2X1-50V-0.1µF-M(N)"; VariantName = "[No Variations]"
Change component parameters (AddParameter): Name = "Revision"; Value = "July-2002: Re-released for DXP Platform."; VariantName = "[No Variations]"
Change component parameters (AddParameter): Name = "Supplier"; Value = "LCSC"; VariantName = "[No Variations]"
Change component parameters (AddParameter): Name = "Supplier.Part"; Value = "C138340"; VariantName = "[No Variations]"
Change component parameters (AddParameter): Name = "Supplier.Ref"; Value = "C138340"; VariantName = "[No Variations]"
Change component parameters: Designator = "C4" ("C4"); Footprint = "Cap 1608-0603"; UniqueID = "\YSLEZTHB" ("\YSLEZTHB")
Change component parameters (AddParameter): Name = "LCSC PART NUMBER"; Value = "C138340"; VariantName = "[No Variations]"
Change component parameters (AddParameter): Name = "MANUF_REF"; Value = "CT41G-0805-2X1-50V-0.1µF-M(N)"; VariantName = "[No Variations]"
Change component parameters (AddParameter): Name = "Manufacturer"; Value = "TORCH"; VariantName = "[No Variations]"
Change component parameters (AddParameter): Name = "Mfr"; Value = "TORCH"; VariantName = "[No Variations]"
Change component parameters (AddParameter): Name = "Mfr.Part"; Value = "CT41G-0805-2X1-50V-0.1µF-M(N)"; VariantName = "[No Variations]"
Change component parameters (AddParameter): Name = "Mfr.Ref"; Value = "CT41G-0805-2X1-50V-0.1µF-M(N)"; VariantName = "[No Variations]"
Change component parameters (AddParameter): Name = "Revision"; Value = "July-2002: Re-released for DXP Platform."; VariantName = "[No Variations]"
Change component parameters (AddParameter): Name = "Supplier"; Value = "LCSC"; VariantName = "[No Variations]"
Change component parameters (AddParameter): Name = "Supplier.Part"; Value = "C138340"; VariantName = "[No Variations]"
Change component parameters (AddParameter): Name = "Supplier.Ref"; Value = "C138340"; VariantName = "[No Variations]"
Change component parameters: Designator = "C5" ("C5"); Footprint = "Cap 1608-0603"; UniqueID = "\JVQTOGSU" ("\JVQTOGSU")
Change component parameters (AddParameter): Name = "LCSC PART NUMBER"; Value = "C138340"; VariantName = "[No Variations]"
Change component parameters (AddParameter): Name = "MANUF_REF"; Value = "CT41G-0805-2X1-50V-0.1µF-M(N)"; VariantName = "[No Variations]"
Change component parameters (AddParameter): Name = "Manufacturer"; Value = "TORCH"; VariantName = "[No Variations]"
Change component parameters (AddParameter): Name = "Mfr"; Value = "TORCH"; VariantName = "[No Variations]"
Change component parameters (AddParameter): Name = "Mfr.Part"; Value = "CT41G-0805-2X1-50V-0.1µF-M(N)"; VariantName = "[No Variations]"
Change component parameters (AddParameter): Name = "Mfr.Ref"; Value = "CT41G-0805-2X1-50V-0.1µF-M(N)"; VariantName = "[No Variations]"
Change component parameters (AddParameter): Name = "Revision"; Value = "July-2002: Re-released for DXP Platform."; VariantName = "[No Variations]"
Change component parameters (AddParameter): Name = "Supplier"; Value = "LCSC"; VariantName = "[No Variations]"
Change component parameters (AddParameter): Name = "Supplier.Part"; Value = "C138340"; VariantName = "[No Variations]"
Change component parameters (AddParameter): Name = "Supplier.Ref"; Value = "C138340"; VariantName = "[No Variations]"
Change component parameters: Designator = "R5" ("R5"); Footprint = "RES-ADJ-TH_RK09L1140A5P"; UniqueID = "\TQFPNJHK" ("\TQFPNJHK")
Change component parameters (AddParameter): Name = "Contributor"; Value = "LCSC"; VariantName = "[No Variations]"
Change component parameters (AddParameter): Name = "JLCPCB Part Class"; Value = "Extended Part"; VariantName = "[No Variations]"
Change component parameters (AddParameter): Name = "Manufacturer"; Value = "ALPSALPINE(???????)"; VariantName = "[No Variations]"
Change component parameters (AddParameter): Name = "Manufacturer Part"; Value = "RK09L1140A5P"; VariantName = "[No Variations]"
Change component parameters (AddParameter): Name = "Mfr.Part"; Value = "RK09L1140A5P"; VariantName = "[No Variations]"
Change component parameters (AddParameter): Name = "nameAlias"; Value = "Value"; VariantName = "[No Variations]"
Change component parameters (AddParameter): Name = "spicePre"; Value = "R"; VariantName = "[No Variations]"
Change component parameters (AddParameter): Name = "spiceSymbolName"; Value = "RK09L1140A5P"; VariantName = "[No Variations]"
Change component parameters (AddParameter): Name = "Supplier"; Value = ""; VariantName = "[No Variations]"
Change component parameters (AddParameter): Name = "Supplier Part"; Value = "C231764"; VariantName = "[No Variations]"
Change component parameters (AddParameter): Name = "Supplier.Part"; Value = "C231764"; VariantName = "[No Variations]"
Change component parameters: Designator = "R6" ("R6"); Footprint = "RES-ADJ-TH_RK09L1140A5P"; UniqueID = "\TYEWGECN" ("\TYEWGECN")
Change component parameters (AddParameter): Name = "Contributor"; Value = "LCSC"; VariantName = "[No Variations]"
Change component parameters (AddParameter): Name = "JLCPCB Part Class"; Value = "Extended Part"; VariantName = "[No Variations]"
Change component parameters (AddParameter): Name = "Manufacturer"; Value = "ALPSALPINE(???????)"; VariantName = "[No Variations]"
Change component parameters (AddParameter): Name = "Manufacturer Part"; Value = "RK09L1140A5P"; VariantName = "[No Variations]"
Change component parameters (AddParameter): Name = "Mfr.Part"; Value = "RK09L1140A5P"; VariantName = "[No Variations]"
Change component parameters (AddParameter): Name = "nameAlias"; Value = "Value"; VariantName = "[No Variations]"
Change component parameters (AddParameter): Name = "spicePre"; Value = "R"; VariantName = "[No Variations]"
Change component parameters (AddParameter): Name = "spiceSymbolName"; Value = "RK09L1140A5P"; VariantName = "[No Variations]"
Change component parameters (AddParameter): Name = "Supplier"; Value = ""; VariantName = "[No Variations]"
Change component parameters (AddParameter): Name = "Supplier Part"; Value = "C231764"; VariantName = "[No Variations]"
Change component parameters (AddParameter): Name = "Supplier.Part"; Value = "C231764"; VariantName = "[No Variations]"
Added Component: Designator=C?(HDR1X3-HEADER)
Add component (AddParameter): Name = "LatestRevisionDate"; Value = "17-Jul-2002"; VariantName = "[No Variations]"
Add component (AddParameter): Name = "LatestRevisionNote"; Value = "Re-released for DXP Platform."; VariantName = "[No Variations]"
Add component (AddParameter): Name = "LCSC PART NUMBER"; Value = ""; VariantName = "[No Variations]"
Add component (AddParameter): Name = "MANUF_REF"; Value = ""; VariantName = "[No Variations]"
Add component (AddParameter): Name = "Manufacturer"; Value = "BOOMELE(Boom Precision Elec)"; VariantName = "[No Variations]"
Add component (AddParameter): Name = "Manufacturer 1"; Value = "Generic Header"; VariantName = "[No Variations]"
Add component (AddParameter): Name = "Mfr.Part"; Value = "C49257"; VariantName = "[No Variations]"
Add component (AddParameter): Name = "Note"; Value = "Approved sub OK"; VariantName = "[No Variations]"
Add component (AddParameter): Name = "Publisher"; Value = "Altium Limited"; VariantName = "[No Variations]"
Add component (AddParameter): Name = "Supplier"; Value = "LCSC"; VariantName = "[No Variations]"
Add component (AddParameter): Name = "Supplier 1"; Value = ""; VariantName = "[No Variations]"
Add component (AddParameter): Name = "Supplier Part Number 1"; Value = ""; VariantName = "[No Variations]"
Add component (AddParameter): Name = "Supplier.Part"; Value = "C49257"; VariantName = "[No Variations]"
Added Pin To Net: NetName=+5 Pin=C?-2
Added Pin To Net: NetName=GND Pin=C?-3
Added Pin To Net: NetName=NetC?_1 Pin=C?-1
Added Pin To Net: NetName=NetC?_1 Pin=R4-2
Added Pin To Net: NetName=NetC?_1 Pin=U1-3
Added Net: Name=NetC?_1
Added Member To Class: ClassName=LCD Controler SCH Member=Component C? Header 3
